<!DOCTYPE html PUBLIC "-//W3C//DTD XHTML 1.1//EN" "http://www.w3.org/TR/xhtml11/DTD/xhtml11.dtd">
<html xmlns="http://www.w3.org/1999/xhtml">
<head>
<meta http-equiv="content-type" content="text/html; charset=UTF-8"/>
<title>TestNG Report</title>
<style type="text/css">table {margin-bottom:10px;border-collapse:collapse;empty-cells:show}th,td {border:1px solid #009;padding:.25em .5em}th {vertical-align:bottom}td {vertical-align:top}table a {font-weight:bold}.stripe td {background-color: #E6EBF9}.num {text-align:right}.passedodd td {background-color: #3F3}.passedeven td {background-color: #0A0}.skippedodd td {background-color: #DDD}.skippedeven td {background-color: #CCC}.failedodd td,.attn {background-color: #F33}.failedeven td,.stripe .attn {background-color: #D00}.stacktrace {white-space:pre;font-family:monospace}.totop {font-size:85%;text-align:center;border-bottom:2px solid #000}.invisible {display:none}</style>
</head>
<body>
<table>
<tr><th>Test</th><th># Passed</th><th># Skipped</th><th># Failed</th><th>Time (ms)</th><th>Included Groups</th><th>Excluded Groups</th></tr>
<tr><th colspan="7">test1</th></tr>
<tr><td><a href="#t0">elementCheckContactButton</a></td><td class="num">23</td><td class="num">0</td><td class="num attn">2</td><td class="num">77,300</td><td></td><td></td></tr>
</table>
<table id='summary'><thead><tr><th>Class</th><th>Method</th><th>Start</th><th>Time (ms)</th></tr></thead><tbody><tr><th colspan="4">test1</th></tr></tbody><tbody id="t0"><tr><th colspan="4">elementCheckContactButton &#8212; failed</th></tr><tr class="failedeven"><td rowspan="2">com.clip.tests.wordpress.HomePageElementTests</td><td><a href="#m0">elementCheckBanks</a></td><td rowspan="1">1539727931919</td><td rowspan="1">313</td></tr><tr class="failedeven"><td><a href="#m1">elementCheckCardLogos</a></td><td rowspan="1">1539727938822</td><td rowspan="1">34</td></tr><tr><th colspan="4">elementCheckContactButton &#8212; passed</th></tr><tr class="passedeven"><td rowspan="23">com.clip.tests.wordpress.HomePageElementTests</td><td><a href="#m2">elementCheckAllCardsAccepted</a></td><td rowspan="1">1539727929094</td><td rowspan="1">113</td></tr><tr class="passedeven"><td><a href="#m3">elementCheckCalandarImage</a></td><td rowspan="1">1539727935688</td><td rowspan="1">87</td></tr><tr class="passedeven"><td><a href="#m4">elementCheckClipProLogo</a></td><td rowspan="1">1539727941679</td><td rowspan="1">44</td></tr><tr class="passedeven"><td><a href="#m5">elementCheckCompartir</a></td><td rowspan="1">1539727944775</td><td rowspan="1">42</td></tr><tr class="passedeven"><td><a href="#m6">elementCheckContactButton</a></td><td rowspan="1">1539727947648</td><td rowspan="1">44</td></tr><tr class="passedeven"><td><a href="#m7">elementCheckContactParagraph</a></td><td rowspan="1">1539727950461</td><td rowspan="1">138</td></tr><tr class="passedeven"><td><a href="#m8">elementCheckCreditCardImg</a></td><td rowspan="1">1539727953442</td><td rowspan="1">77</td></tr><tr class="passedeven"><td><a href="#m9">elementCheckFacebook</a></td><td rowspan="1">1539727956411</td><td rowspan="1">72</td></tr><tr class="passedeven"><td><a href="#m10">elementCheckHelpSite</a></td><td rowspan="1">1539727959299</td><td rowspan="1">61</td></tr><tr class="passedeven"><td><a href="#m11">elementCheckHeroBackground</a></td><td rowspan="1">1539727962132</td><td rowspan="1">62</td></tr><tr class="passedeven"><td><a href="#m12">elementCheckIWantMyClipButton</a></td><td rowspan="1">1539727964948</td><td rowspan="1">1041</td></tr><tr class="passedeven"><td><a href="#m13">elementCheckMyAccount</a></td><td rowspan="1">1539727968926</td><td rowspan="1">41</td></tr><tr class="passedeven"><td><a href="#m14">elementCheckNoMonthlyRent</a></td><td rowspan="1">1539727971828</td><td rowspan="1">71</td></tr><tr class="passedeven"><td><a href="#m15">elementCheckNoPhoneImage</a></td><td rowspan="1">1539727974816</td><td rowspan="1">79</td></tr><tr class="passedeven"><td><a href="#m16">elementCheckNoPhoneText</a></td><td rowspan="1">1539727977596</td><td rowspan="1">67</td></tr><tr class="passedeven"><td><a href="#m17">elementCheckRightSideClipProImg</a></td><td rowspan="1">1539727980590</td><td rowspan="1">57</td></tr><tr class="passedeven"><td><a href="#m18">elementCheckSantander</a></td><td rowspan="1">1539727984278</td><td rowspan="1">44</td></tr><tr class="passedeven"><td><a href="#m19">elementCheckScotia</a></td><td rowspan="1">1539727987401</td><td rowspan="1">42</td></tr><tr class="passedeven"><td><a href="#m20">elementCheckSecondSeparationDot</a></td><td rowspan="1">1539727990346</td><td rowspan="1">42</td></tr><tr class="passedeven"><td><a href="#m21">elementCheckShopButton</a></td><td rowspan="1">1539727993363</td><td rowspan="1">41</td></tr><tr class="passedeven"><td><a href="#m22">elementCheckTagline</a></td><td rowspan="1">1539727996067</td><td rowspan="1">70</td></tr><tr class="passedeven"><td><a href="#m23">elementCheckTopLeftClipLogo</a></td><td rowspan="1">1539727998913</td><td rowspan="1">42</td></tr><tr class="passedeven"><td><a href="#m24">elementCheckTwitter</a></td><td rowspan="1">1539728002380</td><td rowspan="1">40</td></tr></tbody>
</table>
<h2>elementCheckContactButton</h2><h3 id="m0">com.clip.tests.wordpress.HomePageElementTests#elementCheckBanks</h3><table class="result"><tr><th>Exception</th></tr><tr><td><div class="stacktrace">java.lang.IllegalStateException: org.openqa.selenium.NoSuchElementException: no such element: Unable to locate element: {&quot;method&quot;:&quot;css selector&quot;,&quot;selector&quot;:&quot;ody.landing:nth-child(2) section.cards-section.stop-opacity:nth-child(9) div.container.relative div.brands &gt; div.cards&quot;}
  (Session info: chrome=69.0.3497.100)
  (Driver info: chromedriver=2.35.528157 (4429ca2590d6988c0745c24c8858745aaaec01ef),platform=Mac OS X 10.13.6 x86_64) (WARNING: The server did not provide any stacktrace information)
Command duration or timeout: 0 milliseconds
For documentation on this error, please visit: http://seleniumhq.org/exceptions/no_such_element.html
Build info: version: &apos;3.13.0&apos;, revision: &apos;2f0d292&apos;, time: &apos;2018-06-25T15:24:21.231Z&apos;
System info: host: &apos;joshuas-MacBook-Pro.local&apos;, ip: &apos;10.1.1.135&apos;, os.name: &apos;Mac OS X&apos;, os.arch: &apos;x86_64&apos;, os.version: &apos;10.13.6&apos;, java.version: &apos;9.0.4&apos;
Driver info: org.openqa.selenium.chrome.ChromeDriver
Capabilities {acceptInsecureCerts: false, acceptSslCerts: false, applicationCacheEnabled: false, browserConnectionEnabled: false, browserName: chrome, chrome: {chromedriverVersion: 2.35.528157 (4429ca2590d698..., userDataDir: /tmp/tarun}, cssSelectorsEnabled: true, databaseEnabled: false, handlesAlerts: true, hasTouchScreen: false, javascriptEnabled: true, locationContextEnabled: true, mobileEmulationEnabled: false, nativeEvents: true, networkConnectionEnabled: false, pageLoadStrategy: normal, platform: MAC, platformName: MAC, rotatable: false, setWindowRect: true, takesHeapSnapshot: true, takesScreenshot: true, unexpectedAlertBehaviour: , unhandledPromptBehavior: , version: 69.0.3497.100, webStorageEnabled: true}
Session ID: 5d37df18dea589b94fbe8c38246026b6
*** Element info: {Using=css selector, value=ody.landing:nth-child(2) section.cards-section.stop-opacity:nth-child(9) div.container.relative div.brands &gt; div.cards}
	at com.clip.tests.wordpress.HomePageElementTests.elementCheckBanks(HomePageElementTests.java:277)
Caused by: org.openqa.selenium.NoSuchElementException: no such element: Unable to locate element: {&quot;method&quot;:&quot;css selector&quot;,&quot;selector&quot;:&quot;ody.landing:nth-child(2) section.cards-section.stop-opacity:nth-child(9) div.container.relative div.brands &gt; div.cards&quot;}
  (Session info: chrome=69.0.3497.100)
  (Driver info: chromedriver=2.35.528157 (4429ca2590d6988c0745c24c8858745aaaec01ef),platform=Mac OS X 10.13.6 x86_64) (WARNING: The server did not provide any stacktrace information)
Command duration or timeout: 0 milliseconds
For documentation on this error, please visit: http://seleniumhq.org/exceptions/no_such_element.html
Build info: version: &apos;3.13.0&apos;, revision: &apos;2f0d292&apos;, time: &apos;2018-06-25T15:24:21.231Z&apos;
System info: host: &apos;joshuas-MacBook-Pro.local&apos;, ip: &apos;10.1.1.135&apos;, os.name: &apos;Mac OS X&apos;, os.arch: &apos;x86_64&apos;, os.version: &apos;10.13.6&apos;, java.version: &apos;9.0.4&apos;
Driver info: org.openqa.selenium.chrome.ChromeDriver
Capabilities {acceptInsecureCerts: false, acceptSslCerts: false, applicationCacheEnabled: false, browserConnectionEnabled: false, browserName: chrome, chrome: {chromedriverVersion: 2.35.528157 (4429ca2590d698..., userDataDir: /tmp/tarun}, cssSelectorsEnabled: true, databaseEnabled: false, handlesAlerts: true, hasTouchScreen: false, javascriptEnabled: true, locationContextEnabled: true, mobileEmulationEnabled: false, nativeEvents: true, networkConnectionEnabled: false, pageLoadStrategy: normal, platform: MAC, platformName: MAC, rotatable: false, setWindowRect: true, takesHeapSnapshot: true, takesScreenshot: true, unexpectedAlertBehaviour: , unhandledPromptBehavior: , version: 69.0.3497.100, webStorageEnabled: true}
Session ID: 5d37df18dea589b94fbe8c38246026b6
*** Element info: {Using=css selector, value=ody.landing:nth-child(2) section.cards-section.stop-opacity:nth-child(9) div.container.relative div.brands &gt; div.cards}
	at org.openqa.selenium.remote.ErrorHandler.createThrowable(ErrorHandler.java:214)
	at org.openqa.selenium.remote.ErrorHandler.throwIfResponseFailed(ErrorHandler.java:166)
	at org.openqa.selenium.remote.http.JsonHttpResponseCodec.reconstructValue(JsonHttpResponseCodec.java:40)
	at org.openqa.selenium.remote.http.AbstractHttpResponseCodec.decode(AbstractHttpResponseCodec.java:80)
	at org.openqa.selenium.remote.http.AbstractHttpResponseCodec.decode(AbstractHttpResponseCodec.java:44)
	at org.openqa.selenium.remote.HttpCommandExecutor.execute(HttpCommandExecutor.java:158)
	at org.openqa.selenium.remote.service.DriverCommandExecutor.execute(DriverCommandExecutor.java:83)
	at org.openqa.selenium.remote.RemoteWebDriver.execute(RemoteWebDriver.java:548)
	at org.openqa.selenium.remote.RemoteWebDriver.findElement(RemoteWebDriver.java:322)
	at org.openqa.selenium.remote.RemoteWebDriver.findElementByCssSelector(RemoteWebDriver.java:416)
	at org.openqa.selenium.By$ByCssSelector.findElement(By.java:431)
	at org.openqa.selenium.remote.RemoteWebDriver.findElement(RemoteWebDriver.java:314)
	at org.openqa.selenium.support.pagefactory.DefaultElementLocator.findElement(DefaultElementLocator.java:69)
	at org.openqa.selenium.support.pagefactory.internal.LocatingElementHandler.invoke(LocatingElementHandler.java:38)
	at com.sun.proxy.$Proxy13.isDisplayed(Unknown Source)
	at com.clip.tests.wordpress.HomePageElementTests.elementCheckBanks(HomePageElementTests.java:273)
	... 25 more
... Removed 29 stack frames</div></td></tr></table><p class="totop"><a href="#summary">back to summary</a></p>
<h3 id="m1">com.clip.tests.wordpress.HomePageElementTests#elementCheckCardLogos</h3><table class="result"><tr><th>Exception</th></tr><tr><td><div class="stacktrace">java.lang.IllegalStateException: org.openqa.selenium.NoSuchElementException: no such element: Unable to locate element: {&quot;method&quot;:&quot;css selector&quot;,&quot;selector&quot;:&quot;ody.landing:nth-child(2) section.cards-section.stop-opacity:nth-child(9) div.container.relative div.brands &gt; div.cards&quot;}
  (Session info: chrome=69.0.3497.100)
  (Driver info: chromedriver=2.35.528157 (4429ca2590d6988c0745c24c8858745aaaec01ef),platform=Mac OS X 10.13.6 x86_64) (WARNING: The server did not provide any stacktrace information)
Command duration or timeout: 0 milliseconds
For documentation on this error, please visit: http://seleniumhq.org/exceptions/no_such_element.html
Build info: version: &apos;3.13.0&apos;, revision: &apos;2f0d292&apos;, time: &apos;2018-06-25T15:24:21.231Z&apos;
System info: host: &apos;joshuas-MacBook-Pro.local&apos;, ip: &apos;10.1.1.135&apos;, os.name: &apos;Mac OS X&apos;, os.arch: &apos;x86_64&apos;, os.version: &apos;10.13.6&apos;, java.version: &apos;9.0.4&apos;
Driver info: org.openqa.selenium.chrome.ChromeDriver
Capabilities {acceptInsecureCerts: false, acceptSslCerts: false, applicationCacheEnabled: false, browserConnectionEnabled: false, browserName: chrome, chrome: {chromedriverVersion: 2.35.528157 (4429ca2590d698..., userDataDir: /tmp/tarun}, cssSelectorsEnabled: true, databaseEnabled: false, handlesAlerts: true, hasTouchScreen: false, javascriptEnabled: true, locationContextEnabled: true, mobileEmulationEnabled: false, nativeEvents: true, networkConnectionEnabled: false, pageLoadStrategy: normal, platform: MAC, platformName: MAC, rotatable: false, setWindowRect: true, takesHeapSnapshot: true, takesScreenshot: true, unexpectedAlertBehaviour: , unhandledPromptBehavior: , version: 69.0.3497.100, webStorageEnabled: true}
Session ID: 1502f263a0089c07cf98774957eaa22c
*** Element info: {Using=css selector, value=ody.landing:nth-child(2) section.cards-section.stop-opacity:nth-child(9) div.container.relative div.brands &gt; div.cards}
	at com.clip.tests.wordpress.HomePageElementTests.elementCheckCardLogos(HomePageElementTests.java:265)
Caused by: org.openqa.selenium.NoSuchElementException: no such element: Unable to locate element: {&quot;method&quot;:&quot;css selector&quot;,&quot;selector&quot;:&quot;ody.landing:nth-child(2) section.cards-section.stop-opacity:nth-child(9) div.container.relative div.brands &gt; div.cards&quot;}
  (Session info: chrome=69.0.3497.100)
  (Driver info: chromedriver=2.35.528157 (4429ca2590d6988c0745c24c8858745aaaec01ef),platform=Mac OS X 10.13.6 x86_64) (WARNING: The server did not provide any stacktrace information)
Command duration or timeout: 0 milliseconds
For documentation on this error, please visit: http://seleniumhq.org/exceptions/no_such_element.html
Build info: version: &apos;3.13.0&apos;, revision: &apos;2f0d292&apos;, time: &apos;2018-06-25T15:24:21.231Z&apos;
System info: host: &apos;joshuas-MacBook-Pro.local&apos;, ip: &apos;10.1.1.135&apos;, os.name: &apos;Mac OS X&apos;, os.arch: &apos;x86_64&apos;, os.version: &apos;10.13.6&apos;, java.version: &apos;9.0.4&apos;
Driver info: org.openqa.selenium.chrome.ChromeDriver
Capabilities {acceptInsecureCerts: false, acceptSslCerts: false, applicationCacheEnabled: false, browserConnectionEnabled: false, browserName: chrome, chrome: {chromedriverVersion: 2.35.528157 (4429ca2590d698..., userDataDir: /tmp/tarun}, cssSelectorsEnabled: true, databaseEnabled: false, handlesAlerts: true, hasTouchScreen: false, javascriptEnabled: true, locationContextEnabled: true, mobileEmulationEnabled: false, nativeEvents: true, networkConnectionEnabled: false, pageLoadStrategy: normal, platform: MAC, platformName: MAC, rotatable: false, setWindowRect: true, takesHeapSnapshot: true, takesScreenshot: true, unexpectedAlertBehaviour: , unhandledPromptBehavior: , version: 69.0.3497.100, webStorageEnabled: true}
Session ID: 1502f263a0089c07cf98774957eaa22c
*** Element info: {Using=css selector, value=ody.landing:nth-child(2) section.cards-section.stop-opacity:nth-child(9) div.container.relative div.brands &gt; div.cards}
	at org.openqa.selenium.remote.ErrorHandler.createThrowable(ErrorHandler.java:214)
	at org.openqa.selenium.remote.ErrorHandler.throwIfResponseFailed(ErrorHandler.java:166)
	at org.openqa.selenium.remote.http.JsonHttpResponseCodec.reconstructValue(JsonHttpResponseCodec.java:40)
	at org.openqa.selenium.remote.http.AbstractHttpResponseCodec.decode(AbstractHttpResponseCodec.java:80)
	at org.openqa.selenium.remote.http.AbstractHttpResponseCodec.decode(AbstractHttpResponseCodec.java:44)
	at org.openqa.selenium.remote.HttpCommandExecutor.execute(HttpCommandExecutor.java:158)
	at org.openqa.selenium.remote.service.DriverCommandExecutor.execute(DriverCommandExecutor.java:83)
	at org.openqa.selenium.remote.RemoteWebDriver.execute(RemoteWebDriver.java:548)
	at org.openqa.selenium.remote.RemoteWebDriver.findElement(RemoteWebDriver.java:322)
	at org.openqa.selenium.remote.RemoteWebDriver.findElementByCssSelector(RemoteWebDriver.java:416)
	at org.openqa.selenium.By$ByCssSelector.findElement(By.java:431)
	at org.openqa.selenium.remote.RemoteWebDriver.findElement(RemoteWebDriver.java:314)
	at org.openqa.selenium.support.pagefactory.DefaultElementLocator.findElement(DefaultElementLocator.java:69)
	at org.openqa.selenium.support.pagefactory.internal.LocatingElementHandler.invoke(LocatingElementHandler.java:38)
	at com.sun.proxy.$Proxy13.isDisplayed(Unknown Source)
	at com.clip.tests.wordpress.HomePageElementTests.elementCheckCardLogos(HomePageElementTests.java:261)
	... 25 more
... Removed 29 stack frames</div></td></tr></table><p class="totop"><a href="#summary">back to summary</a></p>
<h3 id="m2">com.clip.tests.wordpress.HomePageElementTests#elementCheckAllCardsAccepted</h3><table class="result"><tr><th class="invisible"/></tr></table><p class="totop"><a href="#summary">back to summary</a></p>
<h3 id="m3">com.clip.tests.wordpress.HomePageElementTests#elementCheckCalandarImage</h3><table class="result"><tr><th class="invisible"/></tr></table><p class="totop"><a href="#summary">back to summary</a></p>
<h3 id="m4">com.clip.tests.wordpress.HomePageElementTests#elementCheckClipProLogo</h3><table class="result"><tr><th class="invisible"/></tr></table><p class="totop"><a href="#summary">back to summary</a></p>
<h3 id="m5">com.clip.tests.wordpress.HomePageElementTests#elementCheckCompartir</h3><table class="result"><tr><th class="invisible"/></tr></table><p class="totop"><a href="#summary">back to summary</a></p>
<h3 id="m6">com.clip.tests.wordpress.HomePageElementTests#elementCheckContactButton</h3><table class="result"><tr><th class="invisible"/></tr></table><p class="totop"><a href="#summary">back to summary</a></p>
<h3 id="m7">com.clip.tests.wordpress.HomePageElementTests#elementCheckContactParagraph</h3><table class="result"><tr><th class="invisible"/></tr></table><p class="totop"><a href="#summary">back to summary</a></p>
<h3 id="m8">com.clip.tests.wordpress.HomePageElementTests#elementCheckCreditCardImg</h3><table class="result"><tr><th class="invisible"/></tr></table><p class="totop"><a href="#summary">back to summary</a></p>
<h3 id="m9">com.clip.tests.wordpress.HomePageElementTests#elementCheckFacebook</h3><table class="result"><tr><th class="invisible"/></tr></table><p class="totop"><a href="#summary">back to summary</a></p>
<h3 id="m10">com.clip.tests.wordpress.HomePageElementTests#elementCheckHelpSite</h3><table class="result"><tr><th class="invisible"/></tr></table><p class="totop"><a href="#summary">back to summary</a></p>
<h3 id="m11">com.clip.tests.wordpress.HomePageElementTests#elementCheckHeroBackground</h3><table class="result"><tr><th class="invisible"/></tr></table><p class="totop"><a href="#summary">back to summary</a></p>
<h3 id="m12">com.clip.tests.wordpress.HomePageElementTests#elementCheckIWantMyClipButton</h3><table class="result"><tr><th class="invisible"/></tr></table><p class="totop"><a href="#summary">back to summary</a></p>
<h3 id="m13">com.clip.tests.wordpress.HomePageElementTests#elementCheckMyAccount</h3><table class="result"><tr><th class="invisible"/></tr></table><p class="totop"><a href="#summary">back to summary</a></p>
<h3 id="m14">com.clip.tests.wordpress.HomePageElementTests#elementCheckNoMonthlyRent</h3><table class="result"><tr><th class="invisible"/></tr></table><p class="totop"><a href="#summary">back to summary</a></p>
<h3 id="m15">com.clip.tests.wordpress.HomePageElementTests#elementCheckNoPhoneImage</h3><table class="result"><tr><th class="invisible"/></tr></table><p class="totop"><a href="#summary">back to summary</a></p>
<h3 id="m16">com.clip.tests.wordpress.HomePageElementTests#elementCheckNoPhoneText</h3><table class="result"><tr><th class="invisible"/></tr></table><p class="totop"><a href="#summary">back to summary</a></p>
<h3 id="m17">com.clip.tests.wordpress.HomePageElementTests#elementCheckRightSideClipProImg</h3><table class="result"><tr><th class="invisible"/></tr></table><p class="totop"><a href="#summary">back to summary</a></p>
<h3 id="m18">com.clip.tests.wordpress.HomePageElementTests#elementCheckSantander</h3><table class="result"><tr><th class="invisible"/></tr></table><p class="totop"><a href="#summary">back to summary</a></p>
<h3 id="m19">com.clip.tests.wordpress.HomePageElementTests#elementCheckScotia</h3><table class="result"><tr><th class="invisible"/></tr></table><p class="totop"><a href="#summary">back to summary</a></p>
<h3 id="m20">com.clip.tests.wordpress.HomePageElementTests#elementCheckSecondSeparationDot</h3><table class="result"><tr><th class="invisible"/></tr></table><p class="totop"><a href="#summary">back to summary</a></p>
<h3 id="m21">com.clip.tests.wordpress.HomePageElementTests#elementCheckShopButton</h3><table class="result"><tr><th class="invisible"/></tr></table><p class="totop"><a href="#summary">back to summary</a></p>
<h3 id="m22">com.clip.tests.wordpress.HomePageElementTests#elementCheckTagline</h3><table class="result"><tr><th class="invisible"/></tr></table><p class="totop"><a href="#summary">back to summary</a></p>
<h3 id="m23">com.clip.tests.wordpress.HomePageElementTests#elementCheckTopLeftClipLogo</h3><table class="result"><tr><th class="invisible"/></tr></table><p class="totop"><a href="#summary">back to summary</a></p>
<h3 id="m24">com.clip.tests.wordpress.HomePageElementTests#elementCheckTwitter</h3><table class="result"><tr><th class="invisible"/></tr></table><p class="totop"><a href="#summary">back to summary</a></p>
</body>
</html>
