<?xml version="1.0" encoding="UTF-8"?>
<testng-results ignored="0" total="25" passed="23" failed="2" skipped="0">
  <reporter-output>
  </reporter-output>
  <suite started-at="2018-10-16T22:12:05Z" name="test1" finished-at="2018-10-16T22:13:22Z" duration-ms="77300">
    <groups>
      <group name="a">
        <method signature="HomePageElementTests.elementCheckAllCardsAccepted()[pri:0, instance:com.clip.tests.wordpress.HomePageElementTests@3c947bc5]" name="elementCheckAllCardsAccepted" class="com.clip.tests.wordpress.HomePageElementTests"/>
        <method signature="HomePageElementTests.elementCheckBanks()[pri:0, instance:com.clip.tests.wordpress.HomePageElementTests@3c947bc5]" name="elementCheckBanks" class="com.clip.tests.wordpress.HomePageElementTests"/>
        <method signature="HomePageElementTests.elementCheckCalandarImage()[pri:0, instance:com.clip.tests.wordpress.HomePageElementTests@3c947bc5]" name="elementCheckCalandarImage" class="com.clip.tests.wordpress.HomePageElementTests"/>
        <method signature="HomePageElementTests.elementCheckCardLogos()[pri:0, instance:com.clip.tests.wordpress.HomePageElementTests@3c947bc5]" name="elementCheckCardLogos" class="com.clip.tests.wordpress.HomePageElementTests"/>
        <method signature="HomePageElementTests.elementCheckClipProLogo()[pri:0, instance:com.clip.tests.wordpress.HomePageElementTests@3c947bc5]" name="elementCheckClipProLogo" class="com.clip.tests.wordpress.HomePageElementTests"/>
        <method signature="HomePageElementTests.elementCheckCompartir()[pri:0, instance:com.clip.tests.wordpress.HomePageElementTests@3c947bc5]" name="elementCheckCompartir" class="com.clip.tests.wordpress.HomePageElementTests"/>
        <method signature="HomePageElementTests.elementCheckContactButton()[pri:0, instance:com.clip.tests.wordpress.HomePageElementTests@3c947bc5]" name="elementCheckContactButton" class="com.clip.tests.wordpress.HomePageElementTests"/>
        <method signature="HomePageElementTests.elementCheckContactParagraph()[pri:0, instance:com.clip.tests.wordpress.HomePageElementTests@3c947bc5]" name="elementCheckContactParagraph" class="com.clip.tests.wordpress.HomePageElementTests"/>
        <method signature="HomePageElementTests.elementCheckCreditCardImg()[pri:0, instance:com.clip.tests.wordpress.HomePageElementTests@3c947bc5]" name="elementCheckCreditCardImg" class="com.clip.tests.wordpress.HomePageElementTests"/>
        <method signature="HomePageElementTests.elementCheckFacebook()[pri:0, instance:com.clip.tests.wordpress.HomePageElementTests@3c947bc5]" name="elementCheckFacebook" class="com.clip.tests.wordpress.HomePageElementTests"/>
        <method signature="HomePageElementTests.elementCheckHelpSite()[pri:0, instance:com.clip.tests.wordpress.HomePageElementTests@3c947bc5]" name="elementCheckHelpSite" class="com.clip.tests.wordpress.HomePageElementTests"/>
        <method signature="HomePageElementTests.elementCheckHeroBackground()[pri:0, instance:com.clip.tests.wordpress.HomePageElementTests@3c947bc5]" name="elementCheckHeroBackground" class="com.clip.tests.wordpress.HomePageElementTests"/>
        <method signature="HomePageElementTests.elementCheckIWantMyClipButton()[pri:0, instance:com.clip.tests.wordpress.HomePageElementTests@3c947bc5]" name="elementCheckIWantMyClipButton" class="com.clip.tests.wordpress.HomePageElementTests"/>
        <method signature="HomePageElementTests.elementCheckMyAccount()[pri:0, instance:com.clip.tests.wordpress.HomePageElementTests@3c947bc5]" name="elementCheckMyAccount" class="com.clip.tests.wordpress.HomePageElementTests"/>
        <method signature="HomePageElementTests.elementCheckNoMonthlyRent()[pri:0, instance:com.clip.tests.wordpress.HomePageElementTests@3c947bc5]" name="elementCheckNoMonthlyRent" class="com.clip.tests.wordpress.HomePageElementTests"/>
        <method signature="HomePageElementTests.elementCheckNoPhoneImage()[pri:0, instance:com.clip.tests.wordpress.HomePageElementTests@3c947bc5]" name="elementCheckNoPhoneImage" class="com.clip.tests.wordpress.HomePageElementTests"/>
        <method signature="HomePageElementTests.elementCheckNoPhoneText()[pri:0, instance:com.clip.tests.wordpress.HomePageElementTests@3c947bc5]" name="elementCheckNoPhoneText" class="com.clip.tests.wordpress.HomePageElementTests"/>
        <method signature="HomePageElementTests.elementCheckRightSideClipProImg()[pri:0, instance:com.clip.tests.wordpress.HomePageElementTests@3c947bc5]" name="elementCheckRightSideClipProImg" class="com.clip.tests.wordpress.HomePageElementTests"/>
        <method signature="HomePageElementTests.elementCheckSantander()[pri:0, instance:com.clip.tests.wordpress.HomePageElementTests@3c947bc5]" name="elementCheckSantander" class="com.clip.tests.wordpress.HomePageElementTests"/>
        <method signature="HomePageElementTests.elementCheckScotia()[pri:0, instance:com.clip.tests.wordpress.HomePageElementTests@3c947bc5]" name="elementCheckScotia" class="com.clip.tests.wordpress.HomePageElementTests"/>
        <method signature="HomePageElementTests.elementCheckSecondSeparationDot()[pri:0, instance:com.clip.tests.wordpress.HomePageElementTests@3c947bc5]" name="elementCheckSecondSeparationDot" class="com.clip.tests.wordpress.HomePageElementTests"/>
        <method signature="HomePageElementTests.elementCheckShopButton()[pri:0, instance:com.clip.tests.wordpress.HomePageElementTests@3c947bc5]" name="elementCheckShopButton" class="com.clip.tests.wordpress.HomePageElementTests"/>
        <method signature="HomePageElementTests.elementCheckTagline()[pri:0, instance:com.clip.tests.wordpress.HomePageElementTests@3c947bc5]" name="elementCheckTagline" class="com.clip.tests.wordpress.HomePageElementTests"/>
        <method signature="HomePageElementTests.elementCheckTopLeftClipLogo()[pri:0, instance:com.clip.tests.wordpress.HomePageElementTests@3c947bc5]" name="elementCheckTopLeftClipLogo" class="com.clip.tests.wordpress.HomePageElementTests"/>
        <method signature="HomePageElementTests.elementCheckTwitter()[pri:0, instance:com.clip.tests.wordpress.HomePageElementTests@3c947bc5]" name="elementCheckTwitter" class="com.clip.tests.wordpress.HomePageElementTests"/>
      </group> <!-- a -->
    </groups>
    <test started-at="2018-10-16T22:12:05Z" name="elementCheckContactButton" finished-at="2018-10-16T22:13:22Z" duration-ms="77300">
      <class name="com.clip.tests.wordpress.HomePageElementTests">
        <test-method is-config="true" signature="setUp(java.lang.String, java.lang.String, java.lang.String, java.lang.String)[pri:0, instance:com.clip.tests.wordpress.HomePageElementTests@3c947bc5]" started-at="2018-10-16T16:12:05Z" name="setUp" finished-at="2018-10-16T16:12:09Z" duration-ms="3721" status="PASS">
          <params>
            <param index="0">
              <value>
                <![CDATA[MAC]]>
              </value>
            </param>
            <param index="1">
              <value>
                <![CDATA[chrome]]>
              </value>
            </param>
            <param index="2">
              <value>
                <![CDATA[49.0]]>
              </value>
            </param>
            <param index="3">
              <value>
                <![CDATA[https://dev-wp.payclip.com/]]>
              </value>
            </param>
          </params>
          <reporter-output>
          </reporter-output>
        </test-method> <!-- setUp -->
        <test-method signature="elementCheckAllCardsAccepted()[pri:0, instance:com.clip.tests.wordpress.HomePageElementTests@3c947bc5]" started-at="2018-10-16T16:12:09Z" name="elementCheckAllCardsAccepted" finished-at="2018-10-16T16:12:09Z" duration-ms="113" status="PASS">
          <reporter-output>
          </reporter-output>
        </test-method> <!-- elementCheckAllCardsAccepted -->
        <test-method is-config="true" signature="closeBrowser()[pri:0, instance:com.clip.tests.wordpress.HomePageElementTests@3c947bc5]" started-at="2018-10-16T16:12:09Z" name="closeBrowser" finished-at="2018-10-16T16:12:09Z" duration-ms="222" status="PASS">
          <reporter-output>
          </reporter-output>
        </test-method> <!-- closeBrowser -->
        <test-method is-config="true" signature="setUp(java.lang.String, java.lang.String, java.lang.String, java.lang.String)[pri:0, instance:com.clip.tests.wordpress.HomePageElementTests@3c947bc5]" started-at="2018-10-16T16:12:09Z" name="setUp" finished-at="2018-10-16T16:12:11Z" duration-ms="2489" status="PASS">
          <params>
            <param index="0">
              <value>
                <![CDATA[MAC]]>
              </value>
            </param>
            <param index="1">
              <value>
                <![CDATA[chrome]]>
              </value>
            </param>
            <param index="2">
              <value>
                <![CDATA[49.0]]>
              </value>
            </param>
            <param index="3">
              <value>
                <![CDATA[https://dev-wp.payclip.com/]]>
              </value>
            </param>
          </params>
          <reporter-output>
          </reporter-output>
        </test-method> <!-- setUp -->
        <test-method signature="elementCheckBanks()[pri:0, instance:com.clip.tests.wordpress.HomePageElementTests@3c947bc5]" started-at="2018-10-16T16:12:11Z" name="elementCheckBanks" finished-at="2018-10-16T16:12:12Z" duration-ms="313" status="FAIL">
          <exception class="java.lang.IllegalStateException">
            <message>
              <![CDATA[org.openqa.selenium.NoSuchElementException: no such element: Unable to locate element: {"method":"css selector","selector":"ody.landing:nth-child(2) section.cards-section.stop-opacity:nth-child(9) div.container.relative div.brands > div.cards"}  (Session info: chrome=69.0.3497.100)  (Driver info: chromedriver=2.35.528157 (4429ca2590d6988c0745c24c8858745aaaec01ef),platform=Mac OS X 10.13.6 x86_64) (WARNING: The server did not provide any stacktrace information)Command duration or timeout: 0 millisecondsFor documentation on this error, please visit: http://seleniumhq.org/exceptions/no_such_element.htmlBuild info: version: '3.13.0', revision: '2f0d292', time: '2018-06-25T15:24:21.231Z'System info: host: 'joshuas-MacBook-Pro.local', ip: '10.1.1.135', os.name: 'Mac OS X', os.arch: 'x86_64', os.version: '10.13.6', java.version: '9.0.4'Driver info: org.openqa.selenium.chrome.ChromeDriverCapabilities {acceptInsecureCerts: false, acceptSslCerts: false, applicationCacheEnabled: false, browserConnectionEnabled: false, browserName: chrome, chrome: {chromedriverVersion: 2.35.528157 (4429ca2590d698..., userDataDir: /tmp/tarun}, cssSelectorsEnabled: true, databaseEnabled: false, handlesAlerts: true, hasTouchScreen: false, javascriptEnabled: true, locationContextEnabled: true, mobileEmulationEnabled: false, nativeEvents: true, networkConnectionEnabled: false, pageLoadStrategy: normal, platform: MAC, platformName: MAC, rotatable: false, setWindowRect: true, takesHeapSnapshot: true, takesScreenshot: true, unexpectedAlertBehaviour: , unhandledPromptBehavior: , version: 69.0.3497.100, webStorageEnabled: true}Session ID: 5d37df18dea589b94fbe8c38246026b6*** Element info: {Using=css selector, value=ody.landing:nth-child(2) section.cards-section.stop-opacity:nth-child(9) div.container.relative div.brands > div.cards}]]>
            </message>
            <full-stacktrace>
              <![CDATA[java.lang.IllegalStateException: org.openqa.selenium.NoSuchElementException: no such element: Unable to locate element: {"method":"css selector","selector":"ody.landing:nth-child(2) section.cards-section.stop-opacity:nth-child(9) div.container.relative div.brands > div.cards"}  (Session info: chrome=69.0.3497.100)  (Driver info: chromedriver=2.35.528157 (4429ca2590d6988c0745c24c8858745aaaec01ef),platform=Mac OS X 10.13.6 x86_64) (WARNING: The server did not provide any stacktrace information)Command duration or timeout: 0 millisecondsFor documentation on this error, please visit: http://seleniumhq.org/exceptions/no_such_element.htmlBuild info: version: '3.13.0', revision: '2f0d292', time: '2018-06-25T15:24:21.231Z'System info: host: 'joshuas-MacBook-Pro.local', ip: '10.1.1.135', os.name: 'Mac OS X', os.arch: 'x86_64', os.version: '10.13.6', java.version: '9.0.4'Driver info: org.openqa.selenium.chrome.ChromeDriverCapabilities {acceptInsecureCerts: false, acceptSslCerts: false, applicationCacheEnabled: false, browserConnectionEnabled: false, browserName: chrome, chrome: {chromedriverVersion: 2.35.528157 (4429ca2590d698..., userDataDir: /tmp/tarun}, cssSelectorsEnabled: true, databaseEnabled: false, handlesAlerts: true, hasTouchScreen: false, javascriptEnabled: true, locationContextEnabled: true, mobileEmulationEnabled: false, nativeEvents: true, networkConnectionEnabled: false, pageLoadStrategy: normal, platform: MAC, platformName: MAC, rotatable: false, setWindowRect: true, takesHeapSnapshot: true, takesScreenshot: true, unexpectedAlertBehaviour: , unhandledPromptBehavior: , version: 69.0.3497.100, webStorageEnabled: true}Session ID: 5d37df18dea589b94fbe8c38246026b6*** Element info: {Using=css selector, value=ody.landing:nth-child(2) section.cards-section.stop-opacity:nth-child(9) div.container.relative div.brands > div.cards}at com.clip.tests.wordpress.HomePageElementTests.elementCheckBanks(HomePageElementTests.java:277)at java.base/jdk.internal.reflect.NativeMethodAccessorImpl.invoke0(Native Method)at java.base/jdk.internal.reflect.NativeMethodAccessorImpl.invoke(NativeMethodAccessorImpl.java:62)at java.base/jdk.internal.reflect.DelegatingMethodAccessorImpl.invoke(DelegatingMethodAccessorImpl.java:43)at java.base/java.lang.reflect.Method.invoke(Method.java:564)at org.testng.internal.MethodInvocationHelper.invokeMethod(MethodInvocationHelper.java:124)at org.testng.internal.Invoker.invokeMethod(Invoker.java:571)at org.testng.internal.Invoker.invokeTestMethod(Invoker.java:707)at org.testng.internal.Invoker.invokeTestMethods(Invoker.java:979)at org.testng.internal.TestMethodWorker.invokeTestMethods(TestMethodWorker.java:125)at org.testng.internal.TestMethodWorker.run(TestMethodWorker.java:109)at org.testng.TestRunner.privateRun(TestRunner.java:648)at org.testng.TestRunner.run(TestRunner.java:505)at org.testng.SuiteRunner.runTest(SuiteRunner.java:455)at org.testng.SuiteRunner.runSequentially(SuiteRunner.java:450)at org.testng.SuiteRunner.privateRun(SuiteRunner.java:415)at org.testng.SuiteRunner.run(SuiteRunner.java:364)at org.testng.SuiteRunnerWorker.runSuite(SuiteRunnerWorker.java:52)at org.testng.SuiteRunnerWorker.run(SuiteRunnerWorker.java:84)at org.testng.TestNG.runSuitesSequentially(TestNG.java:1187)at org.testng.TestNG.runSuitesLocally(TestNG.java:1116)at org.testng.TestNG.runSuites(TestNG.java:1028)at org.testng.TestNG.run(TestNG.java:996)at org.testng.remote.AbstractRemoteTestNG.run(AbstractRemoteTestNG.java:114)at org.testng.remote.RemoteTestNG.initAndRun(RemoteTestNG.java:251)at org.testng.remote.RemoteTestNG.main(RemoteTestNG.java:77)Caused by: org.openqa.selenium.NoSuchElementException: no such element: Unable to locate element: {"method":"css selector","selector":"ody.landing:nth-child(2) section.cards-section.stop-opacity:nth-child(9) div.container.relative div.brands > div.cards"}  (Session info: chrome=69.0.3497.100)  (Driver info: chromedriver=2.35.528157 (4429ca2590d6988c0745c24c8858745aaaec01ef),platform=Mac OS X 10.13.6 x86_64) (WARNING: The server did not provide any stacktrace information)Command duration or timeout: 0 millisecondsFor documentation on this error, please visit: http://seleniumhq.org/exceptions/no_such_element.htmlBuild info: version: '3.13.0', revision: '2f0d292', time: '2018-06-25T15:24:21.231Z'System info: host: 'joshuas-MacBook-Pro.local', ip: '10.1.1.135', os.name: 'Mac OS X', os.arch: 'x86_64', os.version: '10.13.6', java.version: '9.0.4'Driver info: org.openqa.selenium.chrome.ChromeDriverCapabilities {acceptInsecureCerts: false, acceptSslCerts: false, applicationCacheEnabled: false, browserConnectionEnabled: false, browserName: chrome, chrome: {chromedriverVersion: 2.35.528157 (4429ca2590d698..., userDataDir: /tmp/tarun}, cssSelectorsEnabled: true, databaseEnabled: false, handlesAlerts: true, hasTouchScreen: false, javascriptEnabled: true, locationContextEnabled: true, mobileEmulationEnabled: false, nativeEvents: true, networkConnectionEnabled: false, pageLoadStrategy: normal, platform: MAC, platformName: MAC, rotatable: false, setWindowRect: true, takesHeapSnapshot: true, takesScreenshot: true, unexpectedAlertBehaviour: , unhandledPromptBehavior: , version: 69.0.3497.100, webStorageEnabled: true}Session ID: 5d37df18dea589b94fbe8c38246026b6*** Element info: {Using=css selector, value=ody.landing:nth-child(2) section.cards-section.stop-opacity:nth-child(9) div.container.relative div.brands > div.cards}at java.base/jdk.internal.reflect.NativeConstructorAccessorImpl.newInstance0(Native Method)at java.base/jdk.internal.reflect.NativeConstructorAccessorImpl.newInstance(NativeConstructorAccessorImpl.java:62)at java.base/jdk.internal.reflect.DelegatingConstructorAccessorImpl.newInstance(DelegatingConstructorAccessorImpl.java:45)at java.base/java.lang.reflect.Constructor.newInstance(Constructor.java:488)at org.openqa.selenium.remote.ErrorHandler.createThrowable(ErrorHandler.java:214)at org.openqa.selenium.remote.ErrorHandler.throwIfResponseFailed(ErrorHandler.java:166)at org.openqa.selenium.remote.http.JsonHttpResponseCodec.reconstructValue(JsonHttpResponseCodec.java:40)at org.openqa.selenium.remote.http.AbstractHttpResponseCodec.decode(AbstractHttpResponseCodec.java:80)at org.openqa.selenium.remote.http.AbstractHttpResponseCodec.decode(AbstractHttpResponseCodec.java:44)at org.openqa.selenium.remote.HttpCommandExecutor.execute(HttpCommandExecutor.java:158)at org.openqa.selenium.remote.service.DriverCommandExecutor.execute(DriverCommandExecutor.java:83)at org.openqa.selenium.remote.RemoteWebDriver.execute(RemoteWebDriver.java:548)at org.openqa.selenium.remote.RemoteWebDriver.findElement(RemoteWebDriver.java:322)at org.openqa.selenium.remote.RemoteWebDriver.findElementByCssSelector(RemoteWebDriver.java:416)at org.openqa.selenium.By$ByCssSelector.findElement(By.java:431)at org.openqa.selenium.remote.RemoteWebDriver.findElement(RemoteWebDriver.java:314)at org.openqa.selenium.support.pagefactory.DefaultElementLocator.findElement(DefaultElementLocator.java:69)at org.openqa.selenium.support.pagefactory.internal.LocatingElementHandler.invoke(LocatingElementHandler.java:38)at com.sun.proxy.$Proxy13.isDisplayed(Unknown Source)at com.clip.tests.wordpress.HomePageElementTests.elementCheckBanks(HomePageElementTests.java:273)... 25 more]]>
            </full-stacktrace>
          </exception> <!-- java.lang.IllegalStateException -->
          <reporter-output>
          </reporter-output>
        </test-method> <!-- elementCheckBanks -->
        <test-method is-config="true" signature="closeBrowser()[pri:0, instance:com.clip.tests.wordpress.HomePageElementTests@3c947bc5]" started-at="2018-10-16T16:12:12Z" name="closeBrowser" finished-at="2018-10-16T16:12:12Z" duration-ms="368" status="PASS">
          <reporter-output>
          </reporter-output>
        </test-method> <!-- closeBrowser -->
        <test-method is-config="true" signature="setUp(java.lang.String, java.lang.String, java.lang.String, java.lang.String)[pri:0, instance:com.clip.tests.wordpress.HomePageElementTests@3c947bc5]" started-at="2018-10-16T16:12:12Z" name="setUp" finished-at="2018-10-16T16:12:15Z" duration-ms="3083" status="PASS">
          <params>
            <param index="0">
              <value>
                <![CDATA[MAC]]>
              </value>
            </param>
            <param index="1">
              <value>
                <![CDATA[chrome]]>
              </value>
            </param>
            <param index="2">
              <value>
                <![CDATA[49.0]]>
              </value>
            </param>
            <param index="3">
              <value>
                <![CDATA[https://dev-wp.payclip.com/]]>
              </value>
            </param>
          </params>
          <reporter-output>
          </reporter-output>
        </test-method> <!-- setUp -->
        <test-method signature="elementCheckCalandarImage()[pri:0, instance:com.clip.tests.wordpress.HomePageElementTests@3c947bc5]" started-at="2018-10-16T16:12:15Z" name="elementCheckCalandarImage" finished-at="2018-10-16T16:12:15Z" duration-ms="87" status="PASS">
          <reporter-output>
          </reporter-output>
        </test-method> <!-- elementCheckCalandarImage -->
        <test-method is-config="true" signature="closeBrowser()[pri:0, instance:com.clip.tests.wordpress.HomePageElementTests@3c947bc5]" started-at="2018-10-16T16:12:15Z" name="closeBrowser" finished-at="2018-10-16T16:12:16Z" duration-ms="241" status="PASS">
          <reporter-output>
          </reporter-output>
        </test-method> <!-- closeBrowser -->
        <test-method is-config="true" signature="setUp(java.lang.String, java.lang.String, java.lang.String, java.lang.String)[pri:0, instance:com.clip.tests.wordpress.HomePageElementTests@3c947bc5]" started-at="2018-10-16T16:12:16Z" name="setUp" finished-at="2018-10-16T16:12:18Z" duration-ms="2803" status="PASS">
          <params>
            <param index="0">
              <value>
                <![CDATA[MAC]]>
              </value>
            </param>
            <param index="1">
              <value>
                <![CDATA[chrome]]>
              </value>
            </param>
            <param index="2">
              <value>
                <![CDATA[49.0]]>
              </value>
            </param>
            <param index="3">
              <value>
                <![CDATA[https://dev-wp.payclip.com/]]>
              </value>
            </param>
          </params>
          <reporter-output>
          </reporter-output>
        </test-method> <!-- setUp -->
        <test-method signature="elementCheckCardLogos()[pri:0, instance:com.clip.tests.wordpress.HomePageElementTests@3c947bc5]" started-at="2018-10-16T16:12:18Z" name="elementCheckCardLogos" finished-at="2018-10-16T16:12:18Z" duration-ms="34" status="FAIL">
          <exception class="java.lang.IllegalStateException">
            <message>
              <![CDATA[org.openqa.selenium.NoSuchElementException: no such element: Unable to locate element: {"method":"css selector","selector":"ody.landing:nth-child(2) section.cards-section.stop-opacity:nth-child(9) div.container.relative div.brands > div.cards"}  (Session info: chrome=69.0.3497.100)  (Driver info: chromedriver=2.35.528157 (4429ca2590d6988c0745c24c8858745aaaec01ef),platform=Mac OS X 10.13.6 x86_64) (WARNING: The server did not provide any stacktrace information)Command duration or timeout: 0 millisecondsFor documentation on this error, please visit: http://seleniumhq.org/exceptions/no_such_element.htmlBuild info: version: '3.13.0', revision: '2f0d292', time: '2018-06-25T15:24:21.231Z'System info: host: 'joshuas-MacBook-Pro.local', ip: '10.1.1.135', os.name: 'Mac OS X', os.arch: 'x86_64', os.version: '10.13.6', java.version: '9.0.4'Driver info: org.openqa.selenium.chrome.ChromeDriverCapabilities {acceptInsecureCerts: false, acceptSslCerts: false, applicationCacheEnabled: false, browserConnectionEnabled: false, browserName: chrome, chrome: {chromedriverVersion: 2.35.528157 (4429ca2590d698..., userDataDir: /tmp/tarun}, cssSelectorsEnabled: true, databaseEnabled: false, handlesAlerts: true, hasTouchScreen: false, javascriptEnabled: true, locationContextEnabled: true, mobileEmulationEnabled: false, nativeEvents: true, networkConnectionEnabled: false, pageLoadStrategy: normal, platform: MAC, platformName: MAC, rotatable: false, setWindowRect: true, takesHeapSnapshot: true, takesScreenshot: true, unexpectedAlertBehaviour: , unhandledPromptBehavior: , version: 69.0.3497.100, webStorageEnabled: true}Session ID: 1502f263a0089c07cf98774957eaa22c*** Element info: {Using=css selector, value=ody.landing:nth-child(2) section.cards-section.stop-opacity:nth-child(9) div.container.relative div.brands > div.cards}]]>
            </message>
            <full-stacktrace>
              <![CDATA[java.lang.IllegalStateException: org.openqa.selenium.NoSuchElementException: no such element: Unable to locate element: {"method":"css selector","selector":"ody.landing:nth-child(2) section.cards-section.stop-opacity:nth-child(9) div.container.relative div.brands > div.cards"}  (Session info: chrome=69.0.3497.100)  (Driver info: chromedriver=2.35.528157 (4429ca2590d6988c0745c24c8858745aaaec01ef),platform=Mac OS X 10.13.6 x86_64) (WARNING: The server did not provide any stacktrace information)Command duration or timeout: 0 millisecondsFor documentation on this error, please visit: http://seleniumhq.org/exceptions/no_such_element.htmlBuild info: version: '3.13.0', revision: '2f0d292', time: '2018-06-25T15:24:21.231Z'System info: host: 'joshuas-MacBook-Pro.local', ip: '10.1.1.135', os.name: 'Mac OS X', os.arch: 'x86_64', os.version: '10.13.6', java.version: '9.0.4'Driver info: org.openqa.selenium.chrome.ChromeDriverCapabilities {acceptInsecureCerts: false, acceptSslCerts: false, applicationCacheEnabled: false, browserConnectionEnabled: false, browserName: chrome, chrome: {chromedriverVersion: 2.35.528157 (4429ca2590d698..., userDataDir: /tmp/tarun}, cssSelectorsEnabled: true, databaseEnabled: false, handlesAlerts: true, hasTouchScreen: false, javascriptEnabled: true, locationContextEnabled: true, mobileEmulationEnabled: false, nativeEvents: true, networkConnectionEnabled: false, pageLoadStrategy: normal, platform: MAC, platformName: MAC, rotatable: false, setWindowRect: true, takesHeapSnapshot: true, takesScreenshot: true, unexpectedAlertBehaviour: , unhandledPromptBehavior: , version: 69.0.3497.100, webStorageEnabled: true}Session ID: 1502f263a0089c07cf98774957eaa22c*** Element info: {Using=css selector, value=ody.landing:nth-child(2) section.cards-section.stop-opacity:nth-child(9) div.container.relative div.brands > div.cards}at com.clip.tests.wordpress.HomePageElementTests.elementCheckCardLogos(HomePageElementTests.java:265)at java.base/jdk.internal.reflect.NativeMethodAccessorImpl.invoke0(Native Method)at java.base/jdk.internal.reflect.NativeMethodAccessorImpl.invoke(NativeMethodAccessorImpl.java:62)at java.base/jdk.internal.reflect.DelegatingMethodAccessorImpl.invoke(DelegatingMethodAccessorImpl.java:43)at java.base/java.lang.reflect.Method.invoke(Method.java:564)at org.testng.internal.MethodInvocationHelper.invokeMethod(MethodInvocationHelper.java:124)at org.testng.internal.Invoker.invokeMethod(Invoker.java:571)at org.testng.internal.Invoker.invokeTestMethod(Invoker.java:707)at org.testng.internal.Invoker.invokeTestMethods(Invoker.java:979)at org.testng.internal.TestMethodWorker.invokeTestMethods(TestMethodWorker.java:125)at org.testng.internal.TestMethodWorker.run(TestMethodWorker.java:109)at org.testng.TestRunner.privateRun(TestRunner.java:648)at org.testng.TestRunner.run(TestRunner.java:505)at org.testng.SuiteRunner.runTest(SuiteRunner.java:455)at org.testng.SuiteRunner.runSequentially(SuiteRunner.java:450)at org.testng.SuiteRunner.privateRun(SuiteRunner.java:415)at org.testng.SuiteRunner.run(SuiteRunner.java:364)at org.testng.SuiteRunnerWorker.runSuite(SuiteRunnerWorker.java:52)at org.testng.SuiteRunnerWorker.run(SuiteRunnerWorker.java:84)at org.testng.TestNG.runSuitesSequentially(TestNG.java:1187)at org.testng.TestNG.runSuitesLocally(TestNG.java:1116)at org.testng.TestNG.runSuites(TestNG.java:1028)at org.testng.TestNG.run(TestNG.java:996)at org.testng.remote.AbstractRemoteTestNG.run(AbstractRemoteTestNG.java:114)at org.testng.remote.RemoteTestNG.initAndRun(RemoteTestNG.java:251)at org.testng.remote.RemoteTestNG.main(RemoteTestNG.java:77)Caused by: org.openqa.selenium.NoSuchElementException: no such element: Unable to locate element: {"method":"css selector","selector":"ody.landing:nth-child(2) section.cards-section.stop-opacity:nth-child(9) div.container.relative div.brands > div.cards"}  (Session info: chrome=69.0.3497.100)  (Driver info: chromedriver=2.35.528157 (4429ca2590d6988c0745c24c8858745aaaec01ef),platform=Mac OS X 10.13.6 x86_64) (WARNING: The server did not provide any stacktrace information)Command duration or timeout: 0 millisecondsFor documentation on this error, please visit: http://seleniumhq.org/exceptions/no_such_element.htmlBuild info: version: '3.13.0', revision: '2f0d292', time: '2018-06-25T15:24:21.231Z'System info: host: 'joshuas-MacBook-Pro.local', ip: '10.1.1.135', os.name: 'Mac OS X', os.arch: 'x86_64', os.version: '10.13.6', java.version: '9.0.4'Driver info: org.openqa.selenium.chrome.ChromeDriverCapabilities {acceptInsecureCerts: false, acceptSslCerts: false, applicationCacheEnabled: false, browserConnectionEnabled: false, browserName: chrome, chrome: {chromedriverVersion: 2.35.528157 (4429ca2590d698..., userDataDir: /tmp/tarun}, cssSelectorsEnabled: true, databaseEnabled: false, handlesAlerts: true, hasTouchScreen: false, javascriptEnabled: true, locationContextEnabled: true, mobileEmulationEnabled: false, nativeEvents: true, networkConnectionEnabled: false, pageLoadStrategy: normal, platform: MAC, platformName: MAC, rotatable: false, setWindowRect: true, takesHeapSnapshot: true, takesScreenshot: true, unexpectedAlertBehaviour: , unhandledPromptBehavior: , version: 69.0.3497.100, webStorageEnabled: true}Session ID: 1502f263a0089c07cf98774957eaa22c*** Element info: {Using=css selector, value=ody.landing:nth-child(2) section.cards-section.stop-opacity:nth-child(9) div.container.relative div.brands > div.cards}at java.base/jdk.internal.reflect.NativeConstructorAccessorImpl.newInstance0(Native Method)at java.base/jdk.internal.reflect.NativeConstructorAccessorImpl.newInstance(NativeConstructorAccessorImpl.java:62)at java.base/jdk.internal.reflect.DelegatingConstructorAccessorImpl.newInstance(DelegatingConstructorAccessorImpl.java:45)at java.base/java.lang.reflect.Constructor.newInstance(Constructor.java:488)at org.openqa.selenium.remote.ErrorHandler.createThrowable(ErrorHandler.java:214)at org.openqa.selenium.remote.ErrorHandler.throwIfResponseFailed(ErrorHandler.java:166)at org.openqa.selenium.remote.http.JsonHttpResponseCodec.reconstructValue(JsonHttpResponseCodec.java:40)at org.openqa.selenium.remote.http.AbstractHttpResponseCodec.decode(AbstractHttpResponseCodec.java:80)at org.openqa.selenium.remote.http.AbstractHttpResponseCodec.decode(AbstractHttpResponseCodec.java:44)at org.openqa.selenium.remote.HttpCommandExecutor.execute(HttpCommandExecutor.java:158)at org.openqa.selenium.remote.service.DriverCommandExecutor.execute(DriverCommandExecutor.java:83)at org.openqa.selenium.remote.RemoteWebDriver.execute(RemoteWebDriver.java:548)at org.openqa.selenium.remote.RemoteWebDriver.findElement(RemoteWebDriver.java:322)at org.openqa.selenium.remote.RemoteWebDriver.findElementByCssSelector(RemoteWebDriver.java:416)at org.openqa.selenium.By$ByCssSelector.findElement(By.java:431)at org.openqa.selenium.remote.RemoteWebDriver.findElement(RemoteWebDriver.java:314)at org.openqa.selenium.support.pagefactory.DefaultElementLocator.findElement(DefaultElementLocator.java:69)at org.openqa.selenium.support.pagefactory.internal.LocatingElementHandler.invoke(LocatingElementHandler.java:38)at com.sun.proxy.$Proxy13.isDisplayed(Unknown Source)at com.clip.tests.wordpress.HomePageElementTests.elementCheckCardLogos(HomePageElementTests.java:261)... 25 more]]>
            </full-stacktrace>
          </exception> <!-- java.lang.IllegalStateException -->
          <reporter-output>
          </reporter-output>
        </test-method> <!-- elementCheckCardLogos -->
        <test-method is-config="true" signature="closeBrowser()[pri:0, instance:com.clip.tests.wordpress.HomePageElementTests@3c947bc5]" started-at="2018-10-16T16:12:18Z" name="closeBrowser" finished-at="2018-10-16T16:12:19Z" duration-ms="230" status="PASS">
          <reporter-output>
          </reporter-output>
        </test-method> <!-- closeBrowser -->
        <test-method is-config="true" signature="setUp(java.lang.String, java.lang.String, java.lang.String, java.lang.String)[pri:0, instance:com.clip.tests.wordpress.HomePageElementTests@3c947bc5]" started-at="2018-10-16T16:12:19Z" name="setUp" finished-at="2018-10-16T16:12:21Z" duration-ms="2591" status="PASS">
          <params>
            <param index="0">
              <value>
                <![CDATA[MAC]]>
              </value>
            </param>
            <param index="1">
              <value>
                <![CDATA[chrome]]>
              </value>
            </param>
            <param index="2">
              <value>
                <![CDATA[49.0]]>
              </value>
            </param>
            <param index="3">
              <value>
                <![CDATA[https://dev-wp.payclip.com/]]>
              </value>
            </param>
          </params>
          <reporter-output>
          </reporter-output>
        </test-method> <!-- setUp -->
        <test-method signature="elementCheckClipProLogo()[pri:0, instance:com.clip.tests.wordpress.HomePageElementTests@3c947bc5]" started-at="2018-10-16T16:12:21Z" name="elementCheckClipProLogo" finished-at="2018-10-16T16:12:21Z" duration-ms="44" status="PASS">
          <reporter-output>
          </reporter-output>
        </test-method> <!-- elementCheckClipProLogo -->
        <test-method is-config="true" signature="closeBrowser()[pri:0, instance:com.clip.tests.wordpress.HomePageElementTests@3c947bc5]" started-at="2018-10-16T16:12:21Z" name="closeBrowser" finished-at="2018-10-16T16:12:22Z" duration-ms="281" status="PASS">
          <reporter-output>
          </reporter-output>
        </test-method> <!-- closeBrowser -->
        <test-method is-config="true" signature="setUp(java.lang.String, java.lang.String, java.lang.String, java.lang.String)[pri:0, instance:com.clip.tests.wordpress.HomePageElementTests@3c947bc5]" started-at="2018-10-16T16:12:22Z" name="setUp" finished-at="2018-10-16T16:12:24Z" duration-ms="2770" status="PASS">
          <params>
            <param index="0">
              <value>
                <![CDATA[MAC]]>
              </value>
            </param>
            <param index="1">
              <value>
                <![CDATA[chrome]]>
              </value>
            </param>
            <param index="2">
              <value>
                <![CDATA[49.0]]>
              </value>
            </param>
            <param index="3">
              <value>
                <![CDATA[https://dev-wp.payclip.com/]]>
              </value>
            </param>
          </params>
          <reporter-output>
          </reporter-output>
        </test-method> <!-- setUp -->
        <test-method signature="elementCheckCompartir()[pri:0, instance:com.clip.tests.wordpress.HomePageElementTests@3c947bc5]" started-at="2018-10-16T16:12:24Z" name="elementCheckCompartir" finished-at="2018-10-16T16:12:24Z" duration-ms="42" status="PASS">
          <reporter-output>
          </reporter-output>
        </test-method> <!-- elementCheckCompartir -->
        <test-method is-config="true" signature="closeBrowser()[pri:0, instance:com.clip.tests.wordpress.HomePageElementTests@3c947bc5]" started-at="2018-10-16T16:12:24Z" name="closeBrowser" finished-at="2018-10-16T16:12:25Z" duration-ms="225" status="PASS">
          <reporter-output>
          </reporter-output>
        </test-method> <!-- closeBrowser -->
        <test-method is-config="true" signature="setUp(java.lang.String, java.lang.String, java.lang.String, java.lang.String)[pri:0, instance:com.clip.tests.wordpress.HomePageElementTests@3c947bc5]" started-at="2018-10-16T16:12:25Z" name="setUp" finished-at="2018-10-16T16:12:27Z" duration-ms="2605" status="PASS">
          <params>
            <param index="0">
              <value>
                <![CDATA[MAC]]>
              </value>
            </param>
            <param index="1">
              <value>
                <![CDATA[chrome]]>
              </value>
            </param>
            <param index="2">
              <value>
                <![CDATA[49.0]]>
              </value>
            </param>
            <param index="3">
              <value>
                <![CDATA[https://dev-wp.payclip.com/]]>
              </value>
            </param>
          </params>
          <reporter-output>
          </reporter-output>
        </test-method> <!-- setUp -->
        <test-method signature="elementCheckContactButton()[pri:0, instance:com.clip.tests.wordpress.HomePageElementTests@3c947bc5]" started-at="2018-10-16T16:12:27Z" name="elementCheckContactButton" finished-at="2018-10-16T16:12:27Z" duration-ms="44" status="PASS">
          <reporter-output>
          </reporter-output>
        </test-method> <!-- elementCheckContactButton -->
        <test-method is-config="true" signature="closeBrowser()[pri:0, instance:com.clip.tests.wordpress.HomePageElementTests@3c947bc5]" started-at="2018-10-16T16:12:27Z" name="closeBrowser" finished-at="2018-10-16T16:12:27Z" duration-ms="229" status="PASS">
          <reporter-output>
          </reporter-output>
        </test-method> <!-- closeBrowser -->
        <test-method is-config="true" signature="setUp(java.lang.String, java.lang.String, java.lang.String, java.lang.String)[pri:0, instance:com.clip.tests.wordpress.HomePageElementTests@3c947bc5]" started-at="2018-10-16T16:12:27Z" name="setUp" finished-at="2018-10-16T16:12:30Z" duration-ms="2539" status="PASS">
          <params>
            <param index="0">
              <value>
                <![CDATA[MAC]]>
              </value>
            </param>
            <param index="1">
              <value>
                <![CDATA[chrome]]>
              </value>
            </param>
            <param index="2">
              <value>
                <![CDATA[49.0]]>
              </value>
            </param>
            <param index="3">
              <value>
                <![CDATA[https://dev-wp.payclip.com/]]>
              </value>
            </param>
          </params>
          <reporter-output>
          </reporter-output>
        </test-method> <!-- setUp -->
        <test-method signature="elementCheckContactParagraph()[pri:0, instance:com.clip.tests.wordpress.HomePageElementTests@3c947bc5]" started-at="2018-10-16T16:12:30Z" name="elementCheckContactParagraph" finished-at="2018-10-16T16:12:30Z" duration-ms="138" status="PASS">
          <reporter-output>
          </reporter-output>
        </test-method> <!-- elementCheckContactParagraph -->
        <test-method is-config="true" signature="closeBrowser()[pri:0, instance:com.clip.tests.wordpress.HomePageElementTests@3c947bc5]" started-at="2018-10-16T16:12:30Z" name="closeBrowser" finished-at="2018-10-16T16:12:30Z" duration-ms="240" status="PASS">
          <reporter-output>
          </reporter-output>
        </test-method> <!-- closeBrowser -->
        <test-method is-config="true" signature="setUp(java.lang.String, java.lang.String, java.lang.String, java.lang.String)[pri:0, instance:com.clip.tests.wordpress.HomePageElementTests@3c947bc5]" started-at="2018-10-16T16:12:30Z" name="setUp" finished-at="2018-10-16T16:12:33Z" duration-ms="2602" status="PASS">
          <params>
            <param index="0">
              <value>
                <![CDATA[MAC]]>
              </value>
            </param>
            <param index="1">
              <value>
                <![CDATA[chrome]]>
              </value>
            </param>
            <param index="2">
              <value>
                <![CDATA[49.0]]>
              </value>
            </param>
            <param index="3">
              <value>
                <![CDATA[https://dev-wp.payclip.com/]]>
              </value>
            </param>
          </params>
          <reporter-output>
          </reporter-output>
        </test-method> <!-- setUp -->
        <test-method signature="elementCheckCreditCardImg()[pri:0, instance:com.clip.tests.wordpress.HomePageElementTests@3c947bc5]" started-at="2018-10-16T16:12:33Z" name="elementCheckCreditCardImg" finished-at="2018-10-16T16:12:33Z" duration-ms="77" status="PASS">
          <reporter-output>
          </reporter-output>
        </test-method> <!-- elementCheckCreditCardImg -->
        <test-method is-config="true" signature="closeBrowser()[pri:0, instance:com.clip.tests.wordpress.HomePageElementTests@3c947bc5]" started-at="2018-10-16T16:12:33Z" name="closeBrowser" finished-at="2018-10-16T16:12:33Z" duration-ms="201" status="PASS">
          <reporter-output>
          </reporter-output>
        </test-method> <!-- closeBrowser -->
        <test-method is-config="true" signature="setUp(java.lang.String, java.lang.String, java.lang.String, java.lang.String)[pri:0, instance:com.clip.tests.wordpress.HomePageElementTests@3c947bc5]" started-at="2018-10-16T16:12:33Z" name="setUp" finished-at="2018-10-16T16:12:36Z" duration-ms="2689" status="PASS">
          <params>
            <param index="0">
              <value>
                <![CDATA[MAC]]>
              </value>
            </param>
            <param index="1">
              <value>
                <![CDATA[chrome]]>
              </value>
            </param>
            <param index="2">
              <value>
                <![CDATA[49.0]]>
              </value>
            </param>
            <param index="3">
              <value>
                <![CDATA[https://dev-wp.payclip.com/]]>
              </value>
            </param>
          </params>
          <reporter-output>
          </reporter-output>
        </test-method> <!-- setUp -->
        <test-method signature="elementCheckFacebook()[pri:0, instance:com.clip.tests.wordpress.HomePageElementTests@3c947bc5]" started-at="2018-10-16T16:12:36Z" name="elementCheckFacebook" finished-at="2018-10-16T16:12:36Z" duration-ms="72" status="PASS">
          <reporter-output>
          </reporter-output>
        </test-method> <!-- elementCheckFacebook -->
        <test-method is-config="true" signature="closeBrowser()[pri:0, instance:com.clip.tests.wordpress.HomePageElementTests@3c947bc5]" started-at="2018-10-16T16:12:36Z" name="closeBrowser" finished-at="2018-10-16T16:12:36Z" duration-ms="237" status="PASS">
          <reporter-output>
          </reporter-output>
        </test-method> <!-- closeBrowser -->
        <test-method is-config="true" signature="setUp(java.lang.String, java.lang.String, java.lang.String, java.lang.String)[pri:0, instance:com.clip.tests.wordpress.HomePageElementTests@3c947bc5]" started-at="2018-10-16T16:12:36Z" name="setUp" finished-at="2018-10-16T16:12:39Z" duration-ms="2578" status="PASS">
          <params>
            <param index="0">
              <value>
                <![CDATA[MAC]]>
              </value>
            </param>
            <param index="1">
              <value>
                <![CDATA[chrome]]>
              </value>
            </param>
            <param index="2">
              <value>
                <![CDATA[49.0]]>
              </value>
            </param>
            <param index="3">
              <value>
                <![CDATA[https://dev-wp.payclip.com/]]>
              </value>
            </param>
          </params>
          <reporter-output>
          </reporter-output>
        </test-method> <!-- setUp -->
        <test-method signature="elementCheckHelpSite()[pri:0, instance:com.clip.tests.wordpress.HomePageElementTests@3c947bc5]" started-at="2018-10-16T16:12:39Z" name="elementCheckHelpSite" finished-at="2018-10-16T16:12:39Z" duration-ms="61" status="PASS">
          <reporter-output>
          </reporter-output>
        </test-method> <!-- elementCheckHelpSite -->
        <test-method is-config="true" signature="closeBrowser()[pri:0, instance:com.clip.tests.wordpress.HomePageElementTests@3c947bc5]" started-at="2018-10-16T16:12:39Z" name="closeBrowser" finished-at="2018-10-16T16:12:39Z" duration-ms="225" status="PASS">
          <reporter-output>
          </reporter-output>
        </test-method> <!-- closeBrowser -->
        <test-method is-config="true" signature="setUp(java.lang.String, java.lang.String, java.lang.String, java.lang.String)[pri:0, instance:com.clip.tests.wordpress.HomePageElementTests@3c947bc5]" started-at="2018-10-16T16:12:39Z" name="setUp" finished-at="2018-10-16T16:12:42Z" duration-ms="2545" status="PASS">
          <params>
            <param index="0">
              <value>
                <![CDATA[MAC]]>
              </value>
            </param>
            <param index="1">
              <value>
                <![CDATA[chrome]]>
              </value>
            </param>
            <param index="2">
              <value>
                <![CDATA[49.0]]>
              </value>
            </param>
            <param index="3">
              <value>
                <![CDATA[https://dev-wp.payclip.com/]]>
              </value>
            </param>
          </params>
          <reporter-output>
          </reporter-output>
        </test-method> <!-- setUp -->
        <test-method signature="elementCheckHeroBackground()[pri:0, instance:com.clip.tests.wordpress.HomePageElementTests@3c947bc5]" started-at="2018-10-16T16:12:42Z" name="elementCheckHeroBackground" finished-at="2018-10-16T16:12:42Z" duration-ms="62" status="PASS">
          <reporter-output>
          </reporter-output>
        </test-method> <!-- elementCheckHeroBackground -->
        <test-method is-config="true" signature="closeBrowser()[pri:0, instance:com.clip.tests.wordpress.HomePageElementTests@3c947bc5]" started-at="2018-10-16T16:12:42Z" name="closeBrowser" finished-at="2018-10-16T16:12:42Z" duration-ms="241" status="PASS">
          <reporter-output>
          </reporter-output>
        </test-method> <!-- closeBrowser -->
        <test-method is-config="true" signature="setUp(java.lang.String, java.lang.String, java.lang.String, java.lang.String)[pri:0, instance:com.clip.tests.wordpress.HomePageElementTests@3c947bc5]" started-at="2018-10-16T16:12:42Z" name="setUp" finished-at="2018-10-16T16:12:44Z" duration-ms="2511" status="PASS">
          <params>
            <param index="0">
              <value>
                <![CDATA[MAC]]>
              </value>
            </param>
            <param index="1">
              <value>
                <![CDATA[chrome]]>
              </value>
            </param>
            <param index="2">
              <value>
                <![CDATA[49.0]]>
              </value>
            </param>
            <param index="3">
              <value>
                <![CDATA[https://dev-wp.payclip.com/]]>
              </value>
            </param>
          </params>
          <reporter-output>
          </reporter-output>
        </test-method> <!-- setUp -->
        <test-method signature="elementCheckIWantMyClipButton()[pri:0, instance:com.clip.tests.wordpress.HomePageElementTests@3c947bc5]" started-at="2018-10-16T16:12:44Z" name="elementCheckIWantMyClipButton" finished-at="2018-10-16T16:12:45Z" duration-ms="1041" status="PASS">
          <reporter-output>
          </reporter-output>
        </test-method> <!-- elementCheckIWantMyClipButton -->
        <test-method is-config="true" signature="closeBrowser()[pri:0, instance:com.clip.tests.wordpress.HomePageElementTests@3c947bc5]" started-at="2018-10-16T16:12:45Z" name="closeBrowser" finished-at="2018-10-16T16:12:46Z" duration-ms="244" status="PASS">
          <reporter-output>
          </reporter-output>
        </test-method> <!-- closeBrowser -->
        <test-method is-config="true" signature="setUp(java.lang.String, java.lang.String, java.lang.String, java.lang.String)[pri:0, instance:com.clip.tests.wordpress.HomePageElementTests@3c947bc5]" started-at="2018-10-16T16:12:46Z" name="setUp" finished-at="2018-10-16T16:12:48Z" duration-ms="2692" status="PASS">
          <params>
            <param index="0">
              <value>
                <![CDATA[MAC]]>
              </value>
            </param>
            <param index="1">
              <value>
                <![CDATA[chrome]]>
              </value>
            </param>
            <param index="2">
              <value>
                <![CDATA[49.0]]>
              </value>
            </param>
            <param index="3">
              <value>
                <![CDATA[https://dev-wp.payclip.com/]]>
              </value>
            </param>
          </params>
          <reporter-output>
          </reporter-output>
        </test-method> <!-- setUp -->
        <test-method signature="elementCheckMyAccount()[pri:0, instance:com.clip.tests.wordpress.HomePageElementTests@3c947bc5]" started-at="2018-10-16T16:12:48Z" name="elementCheckMyAccount" finished-at="2018-10-16T16:12:48Z" duration-ms="41" status="PASS">
          <reporter-output>
          </reporter-output>
        </test-method> <!-- elementCheckMyAccount -->
        <test-method is-config="true" signature="closeBrowser()[pri:0, instance:com.clip.tests.wordpress.HomePageElementTests@3c947bc5]" started-at="2018-10-16T16:12:48Z" name="closeBrowser" finished-at="2018-10-16T16:12:49Z" duration-ms="234" status="PASS">
          <reporter-output>
          </reporter-output>
        </test-method> <!-- closeBrowser -->
        <test-method is-config="true" signature="setUp(java.lang.String, java.lang.String, java.lang.String, java.lang.String)[pri:0, instance:com.clip.tests.wordpress.HomePageElementTests@3c947bc5]" started-at="2018-10-16T16:12:49Z" name="setUp" finished-at="2018-10-16T16:12:51Z" duration-ms="2625" status="PASS">
          <params>
            <param index="0">
              <value>
                <![CDATA[MAC]]>
              </value>
            </param>
            <param index="1">
              <value>
                <![CDATA[chrome]]>
              </value>
            </param>
            <param index="2">
              <value>
                <![CDATA[49.0]]>
              </value>
            </param>
            <param index="3">
              <value>
                <![CDATA[https://dev-wp.payclip.com/]]>
              </value>
            </param>
          </params>
          <reporter-output>
          </reporter-output>
        </test-method> <!-- setUp -->
        <test-method signature="elementCheckNoMonthlyRent()[pri:0, instance:com.clip.tests.wordpress.HomePageElementTests@3c947bc5]" started-at="2018-10-16T16:12:51Z" name="elementCheckNoMonthlyRent" finished-at="2018-10-16T16:12:51Z" duration-ms="71" status="PASS">
          <reporter-output>
          </reporter-output>
        </test-method> <!-- elementCheckNoMonthlyRent -->
        <test-method is-config="true" signature="closeBrowser()[pri:0, instance:com.clip.tests.wordpress.HomePageElementTests@3c947bc5]" started-at="2018-10-16T16:12:51Z" name="closeBrowser" finished-at="2018-10-16T16:12:52Z" duration-ms="234" status="PASS">
          <reporter-output>
          </reporter-output>
        </test-method> <!-- closeBrowser -->
        <test-method is-config="true" signature="setUp(java.lang.String, java.lang.String, java.lang.String, java.lang.String)[pri:0, instance:com.clip.tests.wordpress.HomePageElementTests@3c947bc5]" started-at="2018-10-16T16:12:52Z" name="setUp" finished-at="2018-10-16T16:12:54Z" duration-ms="2683" status="PASS">
          <params>
            <param index="0">
              <value>
                <![CDATA[MAC]]>
              </value>
            </param>
            <param index="1">
              <value>
                <![CDATA[chrome]]>
              </value>
            </param>
            <param index="2">
              <value>
                <![CDATA[49.0]]>
              </value>
            </param>
            <param index="3">
              <value>
                <![CDATA[https://dev-wp.payclip.com/]]>
              </value>
            </param>
          </params>
          <reporter-output>
          </reporter-output>
        </test-method> <!-- setUp -->
        <test-method signature="elementCheckNoPhoneImage()[pri:0, instance:com.clip.tests.wordpress.HomePageElementTests@3c947bc5]" started-at="2018-10-16T16:12:54Z" name="elementCheckNoPhoneImage" finished-at="2018-10-16T16:12:54Z" duration-ms="79" status="PASS">
          <reporter-output>
          </reporter-output>
        </test-method> <!-- elementCheckNoPhoneImage -->
        <test-method is-config="true" signature="closeBrowser()[pri:0, instance:com.clip.tests.wordpress.HomePageElementTests@3c947bc5]" started-at="2018-10-16T16:12:54Z" name="closeBrowser" finished-at="2018-10-16T16:12:55Z" duration-ms="255" status="PASS">
          <reporter-output>
          </reporter-output>
        </test-method> <!-- closeBrowser -->
        <test-method is-config="true" signature="setUp(java.lang.String, java.lang.String, java.lang.String, java.lang.String)[pri:0, instance:com.clip.tests.wordpress.HomePageElementTests@3c947bc5]" started-at="2018-10-16T16:12:55Z" name="setUp" finished-at="2018-10-16T16:12:57Z" duration-ms="2444" status="PASS">
          <params>
            <param index="0">
              <value>
                <![CDATA[MAC]]>
              </value>
            </param>
            <param index="1">
              <value>
                <![CDATA[chrome]]>
              </value>
            </param>
            <param index="2">
              <value>
                <![CDATA[49.0]]>
              </value>
            </param>
            <param index="3">
              <value>
                <![CDATA[https://dev-wp.payclip.com/]]>
              </value>
            </param>
          </params>
          <reporter-output>
          </reporter-output>
        </test-method> <!-- setUp -->
        <test-method signature="elementCheckNoPhoneText()[pri:0, instance:com.clip.tests.wordpress.HomePageElementTests@3c947bc5]" started-at="2018-10-16T16:12:57Z" name="elementCheckNoPhoneText" finished-at="2018-10-16T16:12:57Z" duration-ms="67" status="PASS">
          <reporter-output>
          </reporter-output>
        </test-method> <!-- elementCheckNoPhoneText -->
        <test-method is-config="true" signature="closeBrowser()[pri:0, instance:com.clip.tests.wordpress.HomePageElementTests@3c947bc5]" started-at="2018-10-16T16:12:57Z" name="closeBrowser" finished-at="2018-10-16T16:12:57Z" duration-ms="235" status="PASS">
          <reporter-output>
          </reporter-output>
        </test-method> <!-- closeBrowser -->
        <test-method is-config="true" signature="setUp(java.lang.String, java.lang.String, java.lang.String, java.lang.String)[pri:0, instance:com.clip.tests.wordpress.HomePageElementTests@3c947bc5]" started-at="2018-10-16T16:12:57Z" name="setUp" finished-at="2018-10-16T16:13:00Z" duration-ms="2691" status="PASS">
          <params>
            <param index="0">
              <value>
                <![CDATA[MAC]]>
              </value>
            </param>
            <param index="1">
              <value>
                <![CDATA[chrome]]>
              </value>
            </param>
            <param index="2">
              <value>
                <![CDATA[49.0]]>
              </value>
            </param>
            <param index="3">
              <value>
                <![CDATA[https://dev-wp.payclip.com/]]>
              </value>
            </param>
          </params>
          <reporter-output>
          </reporter-output>
        </test-method> <!-- setUp -->
        <test-method signature="elementCheckRightSideClipProImg()[pri:0, instance:com.clip.tests.wordpress.HomePageElementTests@3c947bc5]" started-at="2018-10-16T16:13:00Z" name="elementCheckRightSideClipProImg" finished-at="2018-10-16T16:13:00Z" duration-ms="57" status="PASS">
          <reporter-output>
          </reporter-output>
        </test-method> <!-- elementCheckRightSideClipProImg -->
        <test-method is-config="true" signature="closeBrowser()[pri:0, instance:com.clip.tests.wordpress.HomePageElementTests@3c947bc5]" started-at="2018-10-16T16:13:00Z" name="closeBrowser" finished-at="2018-10-16T16:13:00Z" duration-ms="204" status="PASS">
          <reporter-output>
          </reporter-output>
        </test-method> <!-- closeBrowser -->
        <test-method is-config="true" signature="setUp(java.lang.String, java.lang.String, java.lang.String, java.lang.String)[pri:0, instance:com.clip.tests.wordpress.HomePageElementTests@3c947bc5]" started-at="2018-10-16T16:13:00Z" name="setUp" finished-at="2018-10-16T16:13:04Z" duration-ms="3425" status="PASS">
          <params>
            <param index="0">
              <value>
                <![CDATA[MAC]]>
              </value>
            </param>
            <param index="1">
              <value>
                <![CDATA[chrome]]>
              </value>
            </param>
            <param index="2">
              <value>
                <![CDATA[49.0]]>
              </value>
            </param>
            <param index="3">
              <value>
                <![CDATA[https://dev-wp.payclip.com/]]>
              </value>
            </param>
          </params>
          <reporter-output>
          </reporter-output>
        </test-method> <!-- setUp -->
        <test-method signature="elementCheckSantander()[pri:0, instance:com.clip.tests.wordpress.HomePageElementTests@3c947bc5]" started-at="2018-10-16T16:13:04Z" name="elementCheckSantander" finished-at="2018-10-16T16:13:04Z" duration-ms="44" status="PASS">
          <reporter-output>
          </reporter-output>
        </test-method> <!-- elementCheckSantander -->
        <test-method is-config="true" signature="closeBrowser()[pri:0, instance:com.clip.tests.wordpress.HomePageElementTests@3c947bc5]" started-at="2018-10-16T16:13:04Z" name="closeBrowser" finished-at="2018-10-16T16:13:04Z" duration-ms="225" status="PASS">
          <reporter-output>
          </reporter-output>
        </test-method> <!-- closeBrowser -->
        <test-method is-config="true" signature="setUp(java.lang.String, java.lang.String, java.lang.String, java.lang.String)[pri:0, instance:com.clip.tests.wordpress.HomePageElementTests@3c947bc5]" started-at="2018-10-16T16:13:04Z" name="setUp" finished-at="2018-10-16T16:13:07Z" duration-ms="2854" status="PASS">
          <params>
            <param index="0">
              <value>
                <![CDATA[MAC]]>
              </value>
            </param>
            <param index="1">
              <value>
                <![CDATA[chrome]]>
              </value>
            </param>
            <param index="2">
              <value>
                <![CDATA[49.0]]>
              </value>
            </param>
            <param index="3">
              <value>
                <![CDATA[https://dev-wp.payclip.com/]]>
              </value>
            </param>
          </params>
          <reporter-output>
          </reporter-output>
        </test-method> <!-- setUp -->
        <test-method signature="elementCheckScotia()[pri:0, instance:com.clip.tests.wordpress.HomePageElementTests@3c947bc5]" started-at="2018-10-16T16:13:07Z" name="elementCheckScotia" finished-at="2018-10-16T16:13:07Z" duration-ms="42" status="PASS">
          <reporter-output>
          </reporter-output>
        </test-method> <!-- elementCheckScotia -->
        <test-method is-config="true" signature="closeBrowser()[pri:0, instance:com.clip.tests.wordpress.HomePageElementTests@3c947bc5]" started-at="2018-10-16T16:13:07Z" name="closeBrowser" finished-at="2018-10-16T16:13:07Z" duration-ms="248" status="PASS">
          <reporter-output>
          </reporter-output>
        </test-method> <!-- closeBrowser -->
        <test-method is-config="true" signature="setUp(java.lang.String, java.lang.String, java.lang.String, java.lang.String)[pri:0, instance:com.clip.tests.wordpress.HomePageElementTests@3c947bc5]" started-at="2018-10-16T16:13:07Z" name="setUp" finished-at="2018-10-16T16:13:10Z" duration-ms="2654" status="PASS">
          <params>
            <param index="0">
              <value>
                <![CDATA[MAC]]>
              </value>
            </param>
            <param index="1">
              <value>
                <![CDATA[chrome]]>
              </value>
            </param>
            <param index="2">
              <value>
                <![CDATA[49.0]]>
              </value>
            </param>
            <param index="3">
              <value>
                <![CDATA[https://dev-wp.payclip.com/]]>
              </value>
            </param>
          </params>
          <reporter-output>
          </reporter-output>
        </test-method> <!-- setUp -->
        <test-method signature="elementCheckSecondSeparationDot()[pri:0, instance:com.clip.tests.wordpress.HomePageElementTests@3c947bc5]" started-at="2018-10-16T16:13:10Z" name="elementCheckSecondSeparationDot" finished-at="2018-10-16T16:13:10Z" duration-ms="42" status="PASS">
          <reporter-output>
          </reporter-output>
        </test-method> <!-- elementCheckSecondSeparationDot -->
        <test-method is-config="true" signature="closeBrowser()[pri:0, instance:com.clip.tests.wordpress.HomePageElementTests@3c947bc5]" started-at="2018-10-16T16:13:10Z" name="closeBrowser" finished-at="2018-10-16T16:13:10Z" duration-ms="232" status="PASS">
          <reporter-output>
          </reporter-output>
        </test-method> <!-- closeBrowser -->
        <test-method is-config="true" signature="setUp(java.lang.String, java.lang.String, java.lang.String, java.lang.String)[pri:0, instance:com.clip.tests.wordpress.HomePageElementTests@3c947bc5]" started-at="2018-10-16T16:13:10Z" name="setUp" finished-at="2018-10-16T16:13:13Z" duration-ms="2743" status="PASS">
          <params>
            <param index="0">
              <value>
                <![CDATA[MAC]]>
              </value>
            </param>
            <param index="1">
              <value>
                <![CDATA[chrome]]>
              </value>
            </param>
            <param index="2">
              <value>
                <![CDATA[49.0]]>
              </value>
            </param>
            <param index="3">
              <value>
                <![CDATA[https://dev-wp.payclip.com/]]>
              </value>
            </param>
          </params>
          <reporter-output>
          </reporter-output>
        </test-method> <!-- setUp -->
        <test-method signature="elementCheckShopButton()[pri:0, instance:com.clip.tests.wordpress.HomePageElementTests@3c947bc5]" started-at="2018-10-16T16:13:13Z" name="elementCheckShopButton" finished-at="2018-10-16T16:13:13Z" duration-ms="41" status="PASS">
          <reporter-output>
          </reporter-output>
        </test-method> <!-- elementCheckShopButton -->
        <test-method is-config="true" signature="closeBrowser()[pri:0, instance:com.clip.tests.wordpress.HomePageElementTests@3c947bc5]" started-at="2018-10-16T16:13:13Z" name="closeBrowser" finished-at="2018-10-16T16:13:13Z" duration-ms="227" status="PASS">
          <reporter-output>
          </reporter-output>
        </test-method> <!-- closeBrowser -->
        <test-method is-config="true" signature="setUp(java.lang.String, java.lang.String, java.lang.String, java.lang.String)[pri:0, instance:com.clip.tests.wordpress.HomePageElementTests@3c947bc5]" started-at="2018-10-16T16:13:13Z" name="setUp" finished-at="2018-10-16T16:13:16Z" duration-ms="2434" status="PASS">
          <params>
            <param index="0">
              <value>
                <![CDATA[MAC]]>
              </value>
            </param>
            <param index="1">
              <value>
                <![CDATA[chrome]]>
              </value>
            </param>
            <param index="2">
              <value>
                <![CDATA[49.0]]>
              </value>
            </param>
            <param index="3">
              <value>
                <![CDATA[https://dev-wp.payclip.com/]]>
              </value>
            </param>
          </params>
          <reporter-output>
          </reporter-output>
        </test-method> <!-- setUp -->
        <test-method signature="elementCheckTagline()[pri:0, instance:com.clip.tests.wordpress.HomePageElementTests@3c947bc5]" started-at="2018-10-16T16:13:16Z" name="elementCheckTagline" finished-at="2018-10-16T16:13:16Z" duration-ms="70" status="PASS">
          <reporter-output>
          </reporter-output>
        </test-method> <!-- elementCheckTagline -->
        <test-method is-config="true" signature="closeBrowser()[pri:0, instance:com.clip.tests.wordpress.HomePageElementTests@3c947bc5]" started-at="2018-10-16T16:13:16Z" name="closeBrowser" finished-at="2018-10-16T16:13:16Z" duration-ms="229" status="PASS">
          <reporter-output>
          </reporter-output>
        </test-method> <!-- closeBrowser -->
        <test-method is-config="true" signature="setUp(java.lang.String, java.lang.String, java.lang.String, java.lang.String)[pri:0, instance:com.clip.tests.wordpress.HomePageElementTests@3c947bc5]" started-at="2018-10-16T16:13:16Z" name="setUp" finished-at="2018-10-16T16:13:18Z" duration-ms="2547" status="PASS">
          <params>
            <param index="0">
              <value>
                <![CDATA[MAC]]>
              </value>
            </param>
            <param index="1">
              <value>
                <![CDATA[chrome]]>
              </value>
            </param>
            <param index="2">
              <value>
                <![CDATA[49.0]]>
              </value>
            </param>
            <param index="3">
              <value>
                <![CDATA[https://dev-wp.payclip.com/]]>
              </value>
            </param>
          </params>
          <reporter-output>
          </reporter-output>
        </test-method> <!-- setUp -->
        <test-method signature="elementCheckTopLeftClipLogo()[pri:0, instance:com.clip.tests.wordpress.HomePageElementTests@3c947bc5]" started-at="2018-10-16T16:13:18Z" name="elementCheckTopLeftClipLogo" finished-at="2018-10-16T16:13:18Z" duration-ms="42" status="PASS">
          <reporter-output>
          </reporter-output>
        </test-method> <!-- elementCheckTopLeftClipLogo -->
        <test-method is-config="true" signature="closeBrowser()[pri:0, instance:com.clip.tests.wordpress.HomePageElementTests@3c947bc5]" started-at="2018-10-16T16:13:18Z" name="closeBrowser" finished-at="2018-10-16T16:13:19Z" duration-ms="247" status="PASS">
          <reporter-output>
          </reporter-output>
        </test-method> <!-- closeBrowser -->
        <test-method is-config="true" signature="setUp(java.lang.String, java.lang.String, java.lang.String, java.lang.String)[pri:0, instance:com.clip.tests.wordpress.HomePageElementTests@3c947bc5]" started-at="2018-10-16T16:13:19Z" name="setUp" finished-at="2018-10-16T16:13:22Z" duration-ms="3177" status="PASS">
          <params>
            <param index="0">
              <value>
                <![CDATA[MAC]]>
              </value>
            </param>
            <param index="1">
              <value>
                <![CDATA[chrome]]>
              </value>
            </param>
            <param index="2">
              <value>
                <![CDATA[49.0]]>
              </value>
            </param>
            <param index="3">
              <value>
                <![CDATA[https://dev-wp.payclip.com/]]>
              </value>
            </param>
          </params>
          <reporter-output>
          </reporter-output>
        </test-method> <!-- setUp -->
        <test-method signature="elementCheckTwitter()[pri:0, instance:com.clip.tests.wordpress.HomePageElementTests@3c947bc5]" started-at="2018-10-16T16:13:22Z" name="elementCheckTwitter" finished-at="2018-10-16T16:13:22Z" duration-ms="40" status="PASS">
          <reporter-output>
          </reporter-output>
        </test-method> <!-- elementCheckTwitter -->
        <test-method is-config="true" signature="closeBrowser()[pri:0, instance:com.clip.tests.wordpress.HomePageElementTests@3c947bc5]" started-at="2018-10-16T16:13:22Z" name="closeBrowser" finished-at="2018-10-16T16:13:22Z" duration-ms="226" status="PASS">
          <reporter-output>
          </reporter-output>
        </test-method> <!-- closeBrowser -->
      </class> <!-- com.clip.tests.wordpress.HomePageElementTests -->
    </test> <!-- elementCheckContactButton -->
  </suite> <!-- test1 -->
</testng-results>
