<?xml version="1.0" encoding="UTF-8"?>
<!-- Generated by org.testng.reporters.JUnitXMLReporter -->
<testsuite ignored="0" hostname="joshuas-MacBook-Pro.local" failures="2" tests="25" name="elementCheckContactButton" time="77.3" errors="0" timestamp="16 Oct 2018 22:13:22 GMT">
  <testcase classname="com.clip.tests.wordpress.HomePageElementTests" name="elementCheckAllCardsAccepted" time="0.113"/>
  <testcase classname="com.clip.tests.wordpress.HomePageElementTests" name="elementCheckBanks" time="0.313">
    <failure type="java.lang.IllegalStateException" message="org.openqa.selenium.NoSuchElementException: no such element: Unable to locate element: {&amp;quot;method&amp;quot;:&amp;quot;css selector&amp;quot;,&amp;quot;selector&amp;quot;:&amp;quot;ody.landing:nth-child(2) section.cards-section.stop-opacity:nth-child(9) div.container.relative div.brands &amp;gt; div.cards&amp;quot;}
  (Session info: chrome=69.0.3497.100)
  (Driver info: chromedriver=2.35.528157 (4429ca2590d6988c0745c24c8858745aaaec01ef),platform=Mac OS X 10.13.6 x86_64) (WARNING: The server did not provide any stacktrace information)
Command duration or timeout: 0 milliseconds
For documentation on this error, please visit: http://seleniumhq.org/exceptions/no_such_element.html
Build info: version: &amp;apos;3.13.0&amp;apos;, revision: &amp;apos;2f0d292&amp;apos;, time: &amp;apos;2018-06-25T15:24:21.231Z&amp;apos;
System info: host: &amp;apos;joshuas-MacBook-Pro.local&amp;apos;, ip: &amp;apos;10.1.1.135&amp;apos;, os.name: &amp;apos;Mac OS X&amp;apos;, os.arch: &amp;apos;x86_64&amp;apos;, os.version: &amp;apos;10.13.6&amp;apos;, java.version: &amp;apos;9.0.4&amp;apos;
Driver info: org.openqa.selenium.chrome.ChromeDriver
Capabilities {acceptInsecureCerts: false, acceptSslCerts: false, applicationCacheEnabled: false, browserConnectionEnabled: false, browserName: chrome, chrome: {chromedriverVersion: 2.35.528157 (4429ca2590d698..., userDataDir: /tmp/tarun}, cssSelectorsEnabled: true, databaseEnabled: false, handlesAlerts: true, hasTouchScreen: false, javascriptEnabled: true, locationContextEnabled: true, mobileEmulationEnabled: false, nativeEvents: true, networkConnectionEnabled: false, pageLoadStrategy: normal, platform: MAC, platformName: MAC, rotatable: false, setWindowRect: true, takesHeapSnapshot: true, takesScreenshot: true, unexpectedAlertBehaviour: , unhandledPromptBehavior: , version: 69.0.3497.100, webStorageEnabled: true}
Session ID: 5d37df18dea589b94fbe8c38246026b6
*** Element info: {Using=css selector, value=ody.landing:nth-child(2) section.cards-section.stop-opacity:nth-child(9) div.container.relative div.brands &amp;gt; div.cards}">
      <![CDATA[java.lang.IllegalStateException: org.openqa.selenium.NoSuchElementException: no such element: Unable to locate element: {"method":"css selector","selector":"ody.landing:nth-child(2) section.cards-section.stop-opacity:nth-child(9) div.container.relative div.brands > div.cards"}  (Session info: chrome=69.0.3497.100)  (Driver info: chromedriver=2.35.528157 (4429ca2590d6988c0745c24c8858745aaaec01ef),platform=Mac OS X 10.13.6 x86_64) (WARNING: The server did not provide any stacktrace information)Command duration or timeout: 0 millisecondsFor documentation on this error, please visit: http://seleniumhq.org/exceptions/no_such_element.htmlBuild info: version: '3.13.0', revision: '2f0d292', time: '2018-06-25T15:24:21.231Z'System info: host: 'joshuas-MacBook-Pro.local', ip: '10.1.1.135', os.name: 'Mac OS X', os.arch: 'x86_64', os.version: '10.13.6', java.version: '9.0.4'Driver info: org.openqa.selenium.chrome.ChromeDriverCapabilities {acceptInsecureCerts: false, acceptSslCerts: false, applicationCacheEnabled: false, browserConnectionEnabled: false, browserName: chrome, chrome: {chromedriverVersion: 2.35.528157 (4429ca2590d698..., userDataDir: /tmp/tarun}, cssSelectorsEnabled: true, databaseEnabled: false, handlesAlerts: true, hasTouchScreen: false, javascriptEnabled: true, locationContextEnabled: true, mobileEmulationEnabled: false, nativeEvents: true, networkConnectionEnabled: false, pageLoadStrategy: normal, platform: MAC, platformName: MAC, rotatable: false, setWindowRect: true, takesHeapSnapshot: true, takesScreenshot: true, unexpectedAlertBehaviour: , unhandledPromptBehavior: , version: 69.0.3497.100, webStorageEnabled: true}Session ID: 5d37df18dea589b94fbe8c38246026b6*** Element info: {Using=css selector, value=ody.landing:nth-child(2) section.cards-section.stop-opacity:nth-child(9) div.container.relative div.brands > div.cards}at com.clip.tests.wordpress.HomePageElementTests.elementCheckBanks(HomePageElementTests.java:277)Caused by: org.openqa.selenium.NoSuchElementException: no such element: Unable to locate element: {"method":"css selector","selector":"ody.landing:nth-child(2) section.cards-section.stop-opacity:nth-child(9) div.container.relative div.brands > div.cards"}  (Session info: chrome=69.0.3497.100)  (Driver info: chromedriver=2.35.528157 (4429ca2590d6988c0745c24c8858745aaaec01ef),platform=Mac OS X 10.13.6 x86_64) (WARNING: The server did not provide any stacktrace information)Command duration or timeout: 0 millisecondsFor documentation on this error, please visit: http://seleniumhq.org/exceptions/no_such_element.htmlBuild info: version: '3.13.0', revision: '2f0d292', time: '2018-06-25T15:24:21.231Z'System info: host: 'joshuas-MacBook-Pro.local', ip: '10.1.1.135', os.name: 'Mac OS X', os.arch: 'x86_64', os.version: '10.13.6', java.version: '9.0.4'Driver info: org.openqa.selenium.chrome.ChromeDriverCapabilities {acceptInsecureCerts: false, acceptSslCerts: false, applicationCacheEnabled: false, browserConnectionEnabled: false, browserName: chrome, chrome: {chromedriverVersion: 2.35.528157 (4429ca2590d698..., userDataDir: /tmp/tarun}, cssSelectorsEnabled: true, databaseEnabled: false, handlesAlerts: true, hasTouchScreen: false, javascriptEnabled: true, locationContextEnabled: true, mobileEmulationEnabled: false, nativeEvents: true, networkConnectionEnabled: false, pageLoadStrategy: normal, platform: MAC, platformName: MAC, rotatable: false, setWindowRect: true, takesHeapSnapshot: true, takesScreenshot: true, unexpectedAlertBehaviour: , unhandledPromptBehavior: , version: 69.0.3497.100, webStorageEnabled: true}Session ID: 5d37df18dea589b94fbe8c38246026b6*** Element info: {Using=css selector, value=ody.landing:nth-child(2) section.cards-section.stop-opacity:nth-child(9) div.container.relative div.brands > div.cards}at org.openqa.selenium.remote.ErrorHandler.createThrowable(ErrorHandler.java:214)at org.openqa.selenium.remote.ErrorHandler.throwIfResponseFailed(ErrorHandler.java:166)at org.openqa.selenium.remote.http.JsonHttpResponseCodec.reconstructValue(JsonHttpResponseCodec.java:40)at org.openqa.selenium.remote.http.AbstractHttpResponseCodec.decode(AbstractHttpResponseCodec.java:80)at org.openqa.selenium.remote.http.AbstractHttpResponseCodec.decode(AbstractHttpResponseCodec.java:44)at org.openqa.selenium.remote.HttpCommandExecutor.execute(HttpCommandExecutor.java:158)at org.openqa.selenium.remote.service.DriverCommandExecutor.execute(DriverCommandExecutor.java:83)at org.openqa.selenium.remote.RemoteWebDriver.execute(RemoteWebDriver.java:548)at org.openqa.selenium.remote.RemoteWebDriver.findElement(RemoteWebDriver.java:322)at org.openqa.selenium.remote.RemoteWebDriver.findElementByCssSelector(RemoteWebDriver.java:416)at org.openqa.selenium.By$ByCssSelector.findElement(By.java:431)at org.openqa.selenium.remote.RemoteWebDriver.findElement(RemoteWebDriver.java:314)at org.openqa.selenium.support.pagefactory.DefaultElementLocator.findElement(DefaultElementLocator.java:69)at org.openqa.selenium.support.pagefactory.internal.LocatingElementHandler.invoke(LocatingElementHandler.java:38)at com.sun.proxy.$Proxy13.isDisplayed(Unknown Source)at com.clip.tests.wordpress.HomePageElementTests.elementCheckBanks(HomePageElementTests.java:273)... 25 more... Removed 29 stack frames]]>
    </failure>
  </testcase> <!-- elementCheckBanks -->
  <testcase classname="com.clip.tests.wordpress.HomePageElementTests" name="elementCheckCalandarImage" time="0.087"/>
  <testcase classname="com.clip.tests.wordpress.HomePageElementTests" name="elementCheckCardLogos" time="0.034">
    <failure type="java.lang.IllegalStateException" message="org.openqa.selenium.NoSuchElementException: no such element: Unable to locate element: {&amp;quot;method&amp;quot;:&amp;quot;css selector&amp;quot;,&amp;quot;selector&amp;quot;:&amp;quot;ody.landing:nth-child(2) section.cards-section.stop-opacity:nth-child(9) div.container.relative div.brands &amp;gt; div.cards&amp;quot;}
  (Session info: chrome=69.0.3497.100)
  (Driver info: chromedriver=2.35.528157 (4429ca2590d6988c0745c24c8858745aaaec01ef),platform=Mac OS X 10.13.6 x86_64) (WARNING: The server did not provide any stacktrace information)
Command duration or timeout: 0 milliseconds
For documentation on this error, please visit: http://seleniumhq.org/exceptions/no_such_element.html
Build info: version: &amp;apos;3.13.0&amp;apos;, revision: &amp;apos;2f0d292&amp;apos;, time: &amp;apos;2018-06-25T15:24:21.231Z&amp;apos;
System info: host: &amp;apos;joshuas-MacBook-Pro.local&amp;apos;, ip: &amp;apos;10.1.1.135&amp;apos;, os.name: &amp;apos;Mac OS X&amp;apos;, os.arch: &amp;apos;x86_64&amp;apos;, os.version: &amp;apos;10.13.6&amp;apos;, java.version: &amp;apos;9.0.4&amp;apos;
Driver info: org.openqa.selenium.chrome.ChromeDriver
Capabilities {acceptInsecureCerts: false, acceptSslCerts: false, applicationCacheEnabled: false, browserConnectionEnabled: false, browserName: chrome, chrome: {chromedriverVersion: 2.35.528157 (4429ca2590d698..., userDataDir: /tmp/tarun}, cssSelectorsEnabled: true, databaseEnabled: false, handlesAlerts: true, hasTouchScreen: false, javascriptEnabled: true, locationContextEnabled: true, mobileEmulationEnabled: false, nativeEvents: true, networkConnectionEnabled: false, pageLoadStrategy: normal, platform: MAC, platformName: MAC, rotatable: false, setWindowRect: true, takesHeapSnapshot: true, takesScreenshot: true, unexpectedAlertBehaviour: , unhandledPromptBehavior: , version: 69.0.3497.100, webStorageEnabled: true}
Session ID: 1502f263a0089c07cf98774957eaa22c
*** Element info: {Using=css selector, value=ody.landing:nth-child(2) section.cards-section.stop-opacity:nth-child(9) div.container.relative div.brands &amp;gt; div.cards}">
      <![CDATA[java.lang.IllegalStateException: org.openqa.selenium.NoSuchElementException: no such element: Unable to locate element: {"method":"css selector","selector":"ody.landing:nth-child(2) section.cards-section.stop-opacity:nth-child(9) div.container.relative div.brands > div.cards"}  (Session info: chrome=69.0.3497.100)  (Driver info: chromedriver=2.35.528157 (4429ca2590d6988c0745c24c8858745aaaec01ef),platform=Mac OS X 10.13.6 x86_64) (WARNING: The server did not provide any stacktrace information)Command duration or timeout: 0 millisecondsFor documentation on this error, please visit: http://seleniumhq.org/exceptions/no_such_element.htmlBuild info: version: '3.13.0', revision: '2f0d292', time: '2018-06-25T15:24:21.231Z'System info: host: 'joshuas-MacBook-Pro.local', ip: '10.1.1.135', os.name: 'Mac OS X', os.arch: 'x86_64', os.version: '10.13.6', java.version: '9.0.4'Driver info: org.openqa.selenium.chrome.ChromeDriverCapabilities {acceptInsecureCerts: false, acceptSslCerts: false, applicationCacheEnabled: false, browserConnectionEnabled: false, browserName: chrome, chrome: {chromedriverVersion: 2.35.528157 (4429ca2590d698..., userDataDir: /tmp/tarun}, cssSelectorsEnabled: true, databaseEnabled: false, handlesAlerts: true, hasTouchScreen: false, javascriptEnabled: true, locationContextEnabled: true, mobileEmulationEnabled: false, nativeEvents: true, networkConnectionEnabled: false, pageLoadStrategy: normal, platform: MAC, platformName: MAC, rotatable: false, setWindowRect: true, takesHeapSnapshot: true, takesScreenshot: true, unexpectedAlertBehaviour: , unhandledPromptBehavior: , version: 69.0.3497.100, webStorageEnabled: true}Session ID: 1502f263a0089c07cf98774957eaa22c*** Element info: {Using=css selector, value=ody.landing:nth-child(2) section.cards-section.stop-opacity:nth-child(9) div.container.relative div.brands > div.cards}at com.clip.tests.wordpress.HomePageElementTests.elementCheckCardLogos(HomePageElementTests.java:265)Caused by: org.openqa.selenium.NoSuchElementException: no such element: Unable to locate element: {"method":"css selector","selector":"ody.landing:nth-child(2) section.cards-section.stop-opacity:nth-child(9) div.container.relative div.brands > div.cards"}  (Session info: chrome=69.0.3497.100)  (Driver info: chromedriver=2.35.528157 (4429ca2590d6988c0745c24c8858745aaaec01ef),platform=Mac OS X 10.13.6 x86_64) (WARNING: The server did not provide any stacktrace information)Command duration or timeout: 0 millisecondsFor documentation on this error, please visit: http://seleniumhq.org/exceptions/no_such_element.htmlBuild info: version: '3.13.0', revision: '2f0d292', time: '2018-06-25T15:24:21.231Z'System info: host: 'joshuas-MacBook-Pro.local', ip: '10.1.1.135', os.name: 'Mac OS X', os.arch: 'x86_64', os.version: '10.13.6', java.version: '9.0.4'Driver info: org.openqa.selenium.chrome.ChromeDriverCapabilities {acceptInsecureCerts: false, acceptSslCerts: false, applicationCacheEnabled: false, browserConnectionEnabled: false, browserName: chrome, chrome: {chromedriverVersion: 2.35.528157 (4429ca2590d698..., userDataDir: /tmp/tarun}, cssSelectorsEnabled: true, databaseEnabled: false, handlesAlerts: true, hasTouchScreen: false, javascriptEnabled: true, locationContextEnabled: true, mobileEmulationEnabled: false, nativeEvents: true, networkConnectionEnabled: false, pageLoadStrategy: normal, platform: MAC, platformName: MAC, rotatable: false, setWindowRect: true, takesHeapSnapshot: true, takesScreenshot: true, unexpectedAlertBehaviour: , unhandledPromptBehavior: , version: 69.0.3497.100, webStorageEnabled: true}Session ID: 1502f263a0089c07cf98774957eaa22c*** Element info: {Using=css selector, value=ody.landing:nth-child(2) section.cards-section.stop-opacity:nth-child(9) div.container.relative div.brands > div.cards}at org.openqa.selenium.remote.ErrorHandler.createThrowable(ErrorHandler.java:214)at org.openqa.selenium.remote.ErrorHandler.throwIfResponseFailed(ErrorHandler.java:166)at org.openqa.selenium.remote.http.JsonHttpResponseCodec.reconstructValue(JsonHttpResponseCodec.java:40)at org.openqa.selenium.remote.http.AbstractHttpResponseCodec.decode(AbstractHttpResponseCodec.java:80)at org.openqa.selenium.remote.http.AbstractHttpResponseCodec.decode(AbstractHttpResponseCodec.java:44)at org.openqa.selenium.remote.HttpCommandExecutor.execute(HttpCommandExecutor.java:158)at org.openqa.selenium.remote.service.DriverCommandExecutor.execute(DriverCommandExecutor.java:83)at org.openqa.selenium.remote.RemoteWebDriver.execute(RemoteWebDriver.java:548)at org.openqa.selenium.remote.RemoteWebDriver.findElement(RemoteWebDriver.java:322)at org.openqa.selenium.remote.RemoteWebDriver.findElementByCssSelector(RemoteWebDriver.java:416)at org.openqa.selenium.By$ByCssSelector.findElement(By.java:431)at org.openqa.selenium.remote.RemoteWebDriver.findElement(RemoteWebDriver.java:314)at org.openqa.selenium.support.pagefactory.DefaultElementLocator.findElement(DefaultElementLocator.java:69)at org.openqa.selenium.support.pagefactory.internal.LocatingElementHandler.invoke(LocatingElementHandler.java:38)at com.sun.proxy.$Proxy13.isDisplayed(Unknown Source)at com.clip.tests.wordpress.HomePageElementTests.elementCheckCardLogos(HomePageElementTests.java:261)... 25 more... Removed 29 stack frames]]>
    </failure>
  </testcase> <!-- elementCheckCardLogos -->
  <testcase classname="com.clip.tests.wordpress.HomePageElementTests" name="elementCheckClipProLogo" time="0.044"/>
  <testcase classname="com.clip.tests.wordpress.HomePageElementTests" name="elementCheckCompartir" time="0.042"/>
  <testcase classname="com.clip.tests.wordpress.HomePageElementTests" name="elementCheckContactButton" time="0.044"/>
  <testcase classname="com.clip.tests.wordpress.HomePageElementTests" name="elementCheckContactParagraph" time="0.138"/>
  <testcase classname="com.clip.tests.wordpress.HomePageElementTests" name="elementCheckCreditCardImg" time="0.077"/>
  <testcase classname="com.clip.tests.wordpress.HomePageElementTests" name="elementCheckFacebook" time="0.072"/>
  <testcase classname="com.clip.tests.wordpress.HomePageElementTests" name="elementCheckHelpSite" time="0.061"/>
  <testcase classname="com.clip.tests.wordpress.HomePageElementTests" name="elementCheckHeroBackground" time="0.062"/>
  <testcase classname="com.clip.tests.wordpress.HomePageElementTests" name="elementCheckIWantMyClipButton" time="1.041"/>
  <testcase classname="com.clip.tests.wordpress.HomePageElementTests" name="elementCheckMyAccount" time="0.041"/>
  <testcase classname="com.clip.tests.wordpress.HomePageElementTests" name="elementCheckNoMonthlyRent" time="0.071"/>
  <testcase classname="com.clip.tests.wordpress.HomePageElementTests" name="elementCheckNoPhoneImage" time="0.079"/>
  <testcase classname="com.clip.tests.wordpress.HomePageElementTests" name="elementCheckNoPhoneText" time="0.067"/>
  <testcase classname="com.clip.tests.wordpress.HomePageElementTests" name="elementCheckRightSideClipProImg" time="0.057"/>
  <testcase classname="com.clip.tests.wordpress.HomePageElementTests" name="elementCheckSantander" time="0.044"/>
  <testcase classname="com.clip.tests.wordpress.HomePageElementTests" name="elementCheckScotia" time="0.042"/>
  <testcase classname="com.clip.tests.wordpress.HomePageElementTests" name="elementCheckSecondSeparationDot" time="0.042"/>
  <testcase classname="com.clip.tests.wordpress.HomePageElementTests" name="elementCheckShopButton" time="0.041"/>
  <testcase classname="com.clip.tests.wordpress.HomePageElementTests" name="elementCheckTagline" time="0.07"/>
  <testcase classname="com.clip.tests.wordpress.HomePageElementTests" name="elementCheckTopLeftClipLogo" time="0.042"/>
  <testcase classname="com.clip.tests.wordpress.HomePageElementTests" name="elementCheckTwitter" time="0.04"/>
</testsuite> <!-- elementCheckContactButton -->
