<html>
<head>
<title>TestNG:  elementCheckContactButton</title>
<link href="../testng.css" rel="stylesheet" type="text/css" />
<link href="../my-testng.css" rel="stylesheet" type="text/css" />

<style type="text/css">
.log { display: none;} 
.stack-trace { display: none;} 
</style>
<script type="text/javascript">
<!--
function flip(e) {
  current = e.style.display;
  if (current == 'block') {
    e.style.display = 'none';
    return 0;
  }
  else {
    e.style.display = 'block';
    return 1;
  }
}

function toggleBox(szDivId, elem, msg1, msg2)
{
  var res = -1;  if (document.getElementById) {
    res = flip(document.getElementById(szDivId));
  }
  else if (document.all) {
    // this is the way old msie versions work
    res = flip(document.all[szDivId]);
  }
  if(elem) {
    if(res == 0) elem.innerHTML = msg1; else elem.innerHTML = msg2;
  }

}

function toggleAllBoxes() {
  if (document.getElementsByTagName) {
    d = document.getElementsByTagName('div');
    for (i = 0; i < d.length; i++) {
      if (d[i].className == 'log') {
        flip(d[i]);
      }
    }
  }
}

// -->
</script>

</head>
<body>
<h2 align='center'>elementCheckContactButton</h2><table border='1' align="center">
<tr>
<td>Tests passed/Failed/Skipped:</td><td>23/2/0</td>
</tr><tr>
<td>Started on:</td><td>Tue Oct 16 16:12:05 MDT 2018</td>
</tr>
<tr><td>Total time:</td><td>77 seconds (77300 ms)</td>
</tr><tr>
<td>Included groups:</td><td></td>
</tr><tr>
<td>Excluded groups:</td><td></td>
</tr>
</table><p/>
<small><i>(Hover the method name to see the test class name)</i></small><p/>
<table width='100%' border='1' class='invocation-failed'>
<tr><td colspan='4' align='center'><b>FAILED TESTS</b></td></tr>
<tr><td><b>Test method</b></td>
<td width="30%"><b>Exception</b></td>
<td width="10%"><b>Time (seconds)</b></td>
<td><b>Instance</b></td>
</tr>
<tr>
<td title='com.clip.tests.wordpress.HomePageElementTests.elementCheckBanks()'><b>elementCheckBanks</b><br>Test class: com.clip.tests.wordpress.HomePageElementTests</td>
<td><div><pre>java.lang.IllegalStateException: org.openqa.selenium.NoSuchElementException: no such element: Unable to locate element: {&quot;method&quot;:&quot;css selector&quot;,&quot;selector&quot;:&quot;ody.landing:nth-child(2) section.cards-section.stop-opacity:nth-child(9) div.container.relative div.brands &gt; div.cards&quot;}
  (Session info: chrome=69.0.3497.100)
  (Driver info: chromedriver=2.35.528157 (4429ca2590d6988c0745c24c8858745aaaec01ef),platform=Mac OS X 10.13.6 x86_64) (WARNING: The server did not provide any stacktrace information)
Command duration or timeout: 0 milliseconds
For documentation on this error, please visit: http://seleniumhq.org/exceptions/no_such_element.html
Build info: version: &apos;3.13.0&apos;, revision: &apos;2f0d292&apos;, time: &apos;2018-06-25T15:24:21.231Z&apos;
System info: host: &apos;joshuas-MacBook-Pro.local&apos;, ip: &apos;10.1.1.135&apos;, os.name: &apos;Mac OS X&apos;, os.arch: &apos;x86_64&apos;, os.version: &apos;10.13.6&apos;, java.version: &apos;9.0.4&apos;
Driver info: org.openqa.selenium.chrome.ChromeDriver
Capabilities {acceptInsecureCerts: false, acceptSslCerts: false, applicationCacheEnabled: false, browserConnectionEnabled: false, browserName: chrome, chrome: {chromedriverVersion: 2.35.528157 (4429ca2590d698..., userDataDir: /tmp/tarun}, cssSelectorsEnabled: true, databaseEnabled: false, handlesAlerts: true, hasTouchScreen: false, javascriptEnabled: true, locationContextEnabled: true, mobileEmulationEnabled: false, nativeEvents: true, networkConnectionEnabled: false, pageLoadStrategy: normal, platform: MAC, platformName: MAC, rotatable: false, setWindowRect: true, takesHeapSnapshot: true, takesScreenshot: true, unexpectedAlertBehaviour: , unhandledPromptBehavior: , version: 69.0.3497.100, webStorageEnabled: true}
Session ID: 5d37df18dea589b94fbe8c38246026b6
*** Element info: {Using=css selector, value=ody.landing:nth-child(2) section.cards-section.stop-opacity:nth-child(9) div.container.relative div.brands &gt; div.cards}
	at com.clip.tests.wordpress.HomePageElementTests.elementCheckBanks(HomePageElementTests.java:277)
Caused by: org.openqa.selenium.NoSuchElementException: no such element: Unable to locate element: {&quot;method&quot;:&quot;css selector&quot;,&quot;selector&quot;:&quot;ody.landing:nth-child(2) section.cards-section.stop-opacity:nth-child(9) div.container.relative div.brands &gt; div.cards&quot;}
  (Session info: chrome=69.0.3497.100)
  (Driver info: chromedriver=2.35.528157 (4429ca2590d6988c0745c24c8858745aaaec01ef),platform=Mac OS X 10.13.6 x86_64) (WARNING: The server did not provide any stacktrace information)
Command duration or timeout: 0 milliseconds
For documentation on this error, please visit: http://seleniumhq.org/exceptions/no_such_element.html
Build info: version: &apos;3.13.0&apos;, revision: &apos;2f0d292&apos;, time: &apos;2018-06-25T15:24:21.231Z&apos;
System info: host: &apos;joshuas-MacBook-Pro.local&apos;, ip: &apos;10.1.1.135&apos;, os.name: &apos;Mac OS X&apos;, os.arch: &apos;x86_64&apos;, os.version: &apos;10.13.6&apos;, java.version: &apos;9.0.4&apos;
Driver info: org.openqa.selenium.chrome.ChromeDriver
Capabilities {acceptInsecureCerts: false, acceptSslCerts: false, applicationCacheEnabled: false, browserConnectionEnabled: false, browserName: chrome, chrome: {chromedriverVersion: 2.35.528157 (4429ca2590d698..., userDataDir: /tmp/tarun}, cssSelectorsEnabled: true, databaseEnabled: false, handlesAlerts: true, hasTouchScreen: false, javascriptEnabled: true, locationContextEnabled: true, mobileEmulationEnabled: false, nativeEvents: true, networkConnectionEnabled: false, pageLoadStrategy: normal, platform: MAC, platformName: MAC, rotatable: false, setWindowRect: true, takesHeapSnapshot: true, takesScreenshot: true, unexpectedAlertBehaviour: , unhandledPromptBehavior: , version: 69.0.3497.100, webStorageEnabled: true}
Session ID: 5d37df18dea589b94fbe8c38246026b6
*** Element info: {Using=css selector, value=ody.landing:nth-child(2) section.cards-section.stop-opacity:nth-child(9) div.container.relative div.brands &gt; div.cards}
	at org.openqa.selenium.remote.ErrorHandler.createThrowable(ErrorHandler.java:214)
	at org.openqa.selenium.remote.ErrorHandler.throwIfResponseFailed(ErrorHandler.java:166)
	at org.openqa.selenium.remote.http.JsonHttpResponseCodec.reconstructValue(JsonHttpResponseCodec.java:40)
	at org.openqa.selenium.remote.http.AbstractHttpResponseCodec.decode(AbstractHttpResponseCodec.java:80)
	at org.openqa.selenium.remote.http.AbstractHttpResponseCodec.decode(AbstractHttpResponseCodec.java:44)
	at org.openqa.selenium.remote.HttpCommandExecutor.execute(HttpCommandExecutor.java:158)
	at org.openqa.selenium.remote.service.DriverCommandExecutor.execute(DriverCommandExecutor.java:83)
	at org.openqa.selenium.remote.RemoteWebDriver.execute(RemoteWebDriver.java:548)
	at org.openqa.selenium.remote.RemoteWebDriver.findElement(RemoteWebDriver.java:322)
	at org.openqa.selenium.remote.RemoteWebDriver.findElementByCssSelector(RemoteWebDriver.java:416)
	at org.openqa.selenium.By$ByCssSelector.findElement(By.java:431)
	at org.openqa.selenium.remote.RemoteWebDriver.findElement(RemoteWebDriver.java:314)
	at org.openqa.selenium.support.pagefactory.DefaultElementLocator.findElement(DefaultElementLocator.java:69)
	at org.openqa.selenium.support.pagefactory.internal.LocatingElementHandler.invoke(LocatingElementHandler.java:38)
	at com.sun.proxy.$Proxy13.isDisplayed(Unknown Source)
	at com.clip.tests.wordpress.HomePageElementTests.elementCheckBanks(HomePageElementTests.java:273)
	... 25 more
... Removed 29 stack frames</pre></div><a href='#' onClick='toggleBox("stack-trace1423752095", this, "Click to show all stack frames", "Click to hide stack frames")'>Click to show all stack frames</a>
<div class='stack-trace' id='stack-trace1423752095'><pre>java.lang.IllegalStateException: org.openqa.selenium.NoSuchElementException: no such element: Unable to locate element: {&quot;method&quot;:&quot;css selector&quot;,&quot;selector&quot;:&quot;ody.landing:nth-child(2) section.cards-section.stop-opacity:nth-child(9) div.container.relative div.brands &gt; div.cards&quot;}
  (Session info: chrome=69.0.3497.100)
  (Driver info: chromedriver=2.35.528157 (4429ca2590d6988c0745c24c8858745aaaec01ef),platform=Mac OS X 10.13.6 x86_64) (WARNING: The server did not provide any stacktrace information)
Command duration or timeout: 0 milliseconds
For documentation on this error, please visit: http://seleniumhq.org/exceptions/no_such_element.html
Build info: version: &apos;3.13.0&apos;, revision: &apos;2f0d292&apos;, time: &apos;2018-06-25T15:24:21.231Z&apos;
System info: host: &apos;joshuas-MacBook-Pro.local&apos;, ip: &apos;10.1.1.135&apos;, os.name: &apos;Mac OS X&apos;, os.arch: &apos;x86_64&apos;, os.version: &apos;10.13.6&apos;, java.version: &apos;9.0.4&apos;
Driver info: org.openqa.selenium.chrome.ChromeDriver
Capabilities {acceptInsecureCerts: false, acceptSslCerts: false, applicationCacheEnabled: false, browserConnectionEnabled: false, browserName: chrome, chrome: {chromedriverVersion: 2.35.528157 (4429ca2590d698..., userDataDir: /tmp/tarun}, cssSelectorsEnabled: true, databaseEnabled: false, handlesAlerts: true, hasTouchScreen: false, javascriptEnabled: true, locationContextEnabled: true, mobileEmulationEnabled: false, nativeEvents: true, networkConnectionEnabled: false, pageLoadStrategy: normal, platform: MAC, platformName: MAC, rotatable: false, setWindowRect: true, takesHeapSnapshot: true, takesScreenshot: true, unexpectedAlertBehaviour: , unhandledPromptBehavior: , version: 69.0.3497.100, webStorageEnabled: true}
Session ID: 5d37df18dea589b94fbe8c38246026b6
*** Element info: {Using=css selector, value=ody.landing:nth-child(2) section.cards-section.stop-opacity:nth-child(9) div.container.relative div.brands &gt; div.cards}
	at com.clip.tests.wordpress.HomePageElementTests.elementCheckBanks(HomePageElementTests.java:277)
	at java.base/jdk.internal.reflect.NativeMethodAccessorImpl.invoke0(Native Method)
	at java.base/jdk.internal.reflect.NativeMethodAccessorImpl.invoke(NativeMethodAccessorImpl.java:62)
	at java.base/jdk.internal.reflect.DelegatingMethodAccessorImpl.invoke(DelegatingMethodAccessorImpl.java:43)
	at java.base/java.lang.reflect.Method.invoke(Method.java:564)
	at org.testng.internal.MethodInvocationHelper.invokeMethod(MethodInvocationHelper.java:124)
	at org.testng.internal.Invoker.invokeMethod(Invoker.java:571)
	at org.testng.internal.Invoker.invokeTestMethod(Invoker.java:707)
	at org.testng.internal.Invoker.invokeTestMethods(Invoker.java:979)
	at org.testng.internal.TestMethodWorker.invokeTestMethods(TestMethodWorker.java:125)
	at org.testng.internal.TestMethodWorker.run(TestMethodWorker.java:109)
	at org.testng.TestRunner.privateRun(TestRunner.java:648)
	at org.testng.TestRunner.run(TestRunner.java:505)
	at org.testng.SuiteRunner.runTest(SuiteRunner.java:455)
	at org.testng.SuiteRunner.runSequentially(SuiteRunner.java:450)
	at org.testng.SuiteRunner.privateRun(SuiteRunner.java:415)
	at org.testng.SuiteRunner.run(SuiteRunner.java:364)
	at org.testng.SuiteRunnerWorker.runSuite(SuiteRunnerWorker.java:52)
	at org.testng.SuiteRunnerWorker.run(SuiteRunnerWorker.java:84)
	at org.testng.TestNG.runSuitesSequentially(TestNG.java:1187)
	at org.testng.TestNG.runSuitesLocally(TestNG.java:1116)
	at org.testng.TestNG.runSuites(TestNG.java:1028)
	at org.testng.TestNG.run(TestNG.java:996)
	at org.testng.remote.AbstractRemoteTestNG.run(AbstractRemoteTestNG.java:114)
	at org.testng.remote.RemoteTestNG.initAndRun(RemoteTestNG.java:251)
	at org.testng.remote.RemoteTestNG.main(RemoteTestNG.java:77)
Caused by: org.openqa.selenium.NoSuchElementException: no such element: Unable to locate element: {&quot;method&quot;:&quot;css selector&quot;,&quot;selector&quot;:&quot;ody.landing:nth-child(2) section.cards-section.stop-opacity:nth-child(9) div.container.relative div.brands &gt; div.cards&quot;}
  (Session info: chrome=69.0.3497.100)
  (Driver info: chromedriver=2.35.528157 (4429ca2590d6988c0745c24c8858745aaaec01ef),platform=Mac OS X 10.13.6 x86_64) (WARNING: The server did not provide any stacktrace information)
Command duration or timeout: 0 milliseconds
For documentation on this error, please visit: http://seleniumhq.org/exceptions/no_such_element.html
Build info: version: &apos;3.13.0&apos;, revision: &apos;2f0d292&apos;, time: &apos;2018-06-25T15:24:21.231Z&apos;
System info: host: &apos;joshuas-MacBook-Pro.local&apos;, ip: &apos;10.1.1.135&apos;, os.name: &apos;Mac OS X&apos;, os.arch: &apos;x86_64&apos;, os.version: &apos;10.13.6&apos;, java.version: &apos;9.0.4&apos;
Driver info: org.openqa.selenium.chrome.ChromeDriver
Capabilities {acceptInsecureCerts: false, acceptSslCerts: false, applicationCacheEnabled: false, browserConnectionEnabled: false, browserName: chrome, chrome: {chromedriverVersion: 2.35.528157 (4429ca2590d698..., userDataDir: /tmp/tarun}, cssSelectorsEnabled: true, databaseEnabled: false, handlesAlerts: true, hasTouchScreen: false, javascriptEnabled: true, locationContextEnabled: true, mobileEmulationEnabled: false, nativeEvents: true, networkConnectionEnabled: false, pageLoadStrategy: normal, platform: MAC, platformName: MAC, rotatable: false, setWindowRect: true, takesHeapSnapshot: true, takesScreenshot: true, unexpectedAlertBehaviour: , unhandledPromptBehavior: , version: 69.0.3497.100, webStorageEnabled: true}
Session ID: 5d37df18dea589b94fbe8c38246026b6
*** Element info: {Using=css selector, value=ody.landing:nth-child(2) section.cards-section.stop-opacity:nth-child(9) div.container.relative div.brands &gt; div.cards}
	at java.base/jdk.internal.reflect.NativeConstructorAccessorImpl.newInstance0(Native Method)
	at java.base/jdk.internal.reflect.NativeConstructorAccessorImpl.newInstance(NativeConstructorAccessorImpl.java:62)
	at java.base/jdk.internal.reflect.DelegatingConstructorAccessorImpl.newInstance(DelegatingConstructorAccessorImpl.java:45)
	at java.base/java.lang.reflect.Constructor.newInstance(Constructor.java:488)
	at org.openqa.selenium.remote.ErrorHandler.createThrowable(ErrorHandler.java:214)
	at org.openqa.selenium.remote.ErrorHandler.throwIfResponseFailed(ErrorHandler.java:166)
	at org.openqa.selenium.remote.http.JsonHttpResponseCodec.reconstructValue(JsonHttpResponseCodec.java:40)
	at org.openqa.selenium.remote.http.AbstractHttpResponseCodec.decode(AbstractHttpResponseCodec.java:80)
	at org.openqa.selenium.remote.http.AbstractHttpResponseCodec.decode(AbstractHttpResponseCodec.java:44)
	at org.openqa.selenium.remote.HttpCommandExecutor.execute(HttpCommandExecutor.java:158)
	at org.openqa.selenium.remote.service.DriverCommandExecutor.execute(DriverCommandExecutor.java:83)
	at org.openqa.selenium.remote.RemoteWebDriver.execute(RemoteWebDriver.java:548)
	at org.openqa.selenium.remote.RemoteWebDriver.findElement(RemoteWebDriver.java:322)
	at org.openqa.selenium.remote.RemoteWebDriver.findElementByCssSelector(RemoteWebDriver.java:416)
	at org.openqa.selenium.By$ByCssSelector.findElement(By.java:431)
	at org.openqa.selenium.remote.RemoteWebDriver.findElement(RemoteWebDriver.java:314)
	at org.openqa.selenium.support.pagefactory.DefaultElementLocator.findElement(DefaultElementLocator.java:69)
	at org.openqa.selenium.support.pagefactory.internal.LocatingElementHandler.invoke(LocatingElementHandler.java:38)
	at com.sun.proxy.$Proxy13.isDisplayed(Unknown Source)
	at com.clip.tests.wordpress.HomePageElementTests.elementCheckBanks(HomePageElementTests.java:273)
	... 25 more
</pre></div></td>
<td>0</td>
<td>com.clip.tests.wordpress.HomePageElementTests@3c947bc5</td></tr>
<tr>
<td title='com.clip.tests.wordpress.HomePageElementTests.elementCheckCardLogos()'><b>elementCheckCardLogos</b><br>Test class: com.clip.tests.wordpress.HomePageElementTests</td>
<td><div><pre>java.lang.IllegalStateException: org.openqa.selenium.NoSuchElementException: no such element: Unable to locate element: {&quot;method&quot;:&quot;css selector&quot;,&quot;selector&quot;:&quot;ody.landing:nth-child(2) section.cards-section.stop-opacity:nth-child(9) div.container.relative div.brands &gt; div.cards&quot;}
  (Session info: chrome=69.0.3497.100)
  (Driver info: chromedriver=2.35.528157 (4429ca2590d6988c0745c24c8858745aaaec01ef),platform=Mac OS X 10.13.6 x86_64) (WARNING: The server did not provide any stacktrace information)
Command duration or timeout: 0 milliseconds
For documentation on this error, please visit: http://seleniumhq.org/exceptions/no_such_element.html
Build info: version: &apos;3.13.0&apos;, revision: &apos;2f0d292&apos;, time: &apos;2018-06-25T15:24:21.231Z&apos;
System info: host: &apos;joshuas-MacBook-Pro.local&apos;, ip: &apos;10.1.1.135&apos;, os.name: &apos;Mac OS X&apos;, os.arch: &apos;x86_64&apos;, os.version: &apos;10.13.6&apos;, java.version: &apos;9.0.4&apos;
Driver info: org.openqa.selenium.chrome.ChromeDriver
Capabilities {acceptInsecureCerts: false, acceptSslCerts: false, applicationCacheEnabled: false, browserConnectionEnabled: false, browserName: chrome, chrome: {chromedriverVersion: 2.35.528157 (4429ca2590d698..., userDataDir: /tmp/tarun}, cssSelectorsEnabled: true, databaseEnabled: false, handlesAlerts: true, hasTouchScreen: false, javascriptEnabled: true, locationContextEnabled: true, mobileEmulationEnabled: false, nativeEvents: true, networkConnectionEnabled: false, pageLoadStrategy: normal, platform: MAC, platformName: MAC, rotatable: false, setWindowRect: true, takesHeapSnapshot: true, takesScreenshot: true, unexpectedAlertBehaviour: , unhandledPromptBehavior: , version: 69.0.3497.100, webStorageEnabled: true}
Session ID: 1502f263a0089c07cf98774957eaa22c
*** Element info: {Using=css selector, value=ody.landing:nth-child(2) section.cards-section.stop-opacity:nth-child(9) div.container.relative div.brands &gt; div.cards}
	at com.clip.tests.wordpress.HomePageElementTests.elementCheckCardLogos(HomePageElementTests.java:265)
Caused by: org.openqa.selenium.NoSuchElementException: no such element: Unable to locate element: {&quot;method&quot;:&quot;css selector&quot;,&quot;selector&quot;:&quot;ody.landing:nth-child(2) section.cards-section.stop-opacity:nth-child(9) div.container.relative div.brands &gt; div.cards&quot;}
  (Session info: chrome=69.0.3497.100)
  (Driver info: chromedriver=2.35.528157 (4429ca2590d6988c0745c24c8858745aaaec01ef),platform=Mac OS X 10.13.6 x86_64) (WARNING: The server did not provide any stacktrace information)
Command duration or timeout: 0 milliseconds
For documentation on this error, please visit: http://seleniumhq.org/exceptions/no_such_element.html
Build info: version: &apos;3.13.0&apos;, revision: &apos;2f0d292&apos;, time: &apos;2018-06-25T15:24:21.231Z&apos;
System info: host: &apos;joshuas-MacBook-Pro.local&apos;, ip: &apos;10.1.1.135&apos;, os.name: &apos;Mac OS X&apos;, os.arch: &apos;x86_64&apos;, os.version: &apos;10.13.6&apos;, java.version: &apos;9.0.4&apos;
Driver info: org.openqa.selenium.chrome.ChromeDriver
Capabilities {acceptInsecureCerts: false, acceptSslCerts: false, applicationCacheEnabled: false, browserConnectionEnabled: false, browserName: chrome, chrome: {chromedriverVersion: 2.35.528157 (4429ca2590d698..., userDataDir: /tmp/tarun}, cssSelectorsEnabled: true, databaseEnabled: false, handlesAlerts: true, hasTouchScreen: false, javascriptEnabled: true, locationContextEnabled: true, mobileEmulationEnabled: false, nativeEvents: true, networkConnectionEnabled: false, pageLoadStrategy: normal, platform: MAC, platformName: MAC, rotatable: false, setWindowRect: true, takesHeapSnapshot: true, takesScreenshot: true, unexpectedAlertBehaviour: , unhandledPromptBehavior: , version: 69.0.3497.100, webStorageEnabled: true}
Session ID: 1502f263a0089c07cf98774957eaa22c
*** Element info: {Using=css selector, value=ody.landing:nth-child(2) section.cards-section.stop-opacity:nth-child(9) div.container.relative div.brands &gt; div.cards}
	at org.openqa.selenium.remote.ErrorHandler.createThrowable(ErrorHandler.java:214)
	at org.openqa.selenium.remote.ErrorHandler.throwIfResponseFailed(ErrorHandler.java:166)
	at org.openqa.selenium.remote.http.JsonHttpResponseCodec.reconstructValue(JsonHttpResponseCodec.java:40)
	at org.openqa.selenium.remote.http.AbstractHttpResponseCodec.decode(AbstractHttpResponseCodec.java:80)
	at org.openqa.selenium.remote.http.AbstractHttpResponseCodec.decode(AbstractHttpResponseCodec.java:44)
	at org.openqa.selenium.remote.HttpCommandExecutor.execute(HttpCommandExecutor.java:158)
	at org.openqa.selenium.remote.service.DriverCommandExecutor.execute(DriverCommandExecutor.java:83)
	at org.openqa.selenium.remote.RemoteWebDriver.execute(RemoteWebDriver.java:548)
	at org.openqa.selenium.remote.RemoteWebDriver.findElement(RemoteWebDriver.java:322)
	at org.openqa.selenium.remote.RemoteWebDriver.findElementByCssSelector(RemoteWebDriver.java:416)
	at org.openqa.selenium.By$ByCssSelector.findElement(By.java:431)
	at org.openqa.selenium.remote.RemoteWebDriver.findElement(RemoteWebDriver.java:314)
	at org.openqa.selenium.support.pagefactory.DefaultElementLocator.findElement(DefaultElementLocator.java:69)
	at org.openqa.selenium.support.pagefactory.internal.LocatingElementHandler.invoke(LocatingElementHandler.java:38)
	at com.sun.proxy.$Proxy13.isDisplayed(Unknown Source)
	at com.clip.tests.wordpress.HomePageElementTests.elementCheckCardLogos(HomePageElementTests.java:261)
	... 25 more
... Removed 29 stack frames</pre></div><a href='#' onClick='toggleBox("stack-trace745966298", this, "Click to show all stack frames", "Click to hide stack frames")'>Click to show all stack frames</a>
<div class='stack-trace' id='stack-trace745966298'><pre>java.lang.IllegalStateException: org.openqa.selenium.NoSuchElementException: no such element: Unable to locate element: {&quot;method&quot;:&quot;css selector&quot;,&quot;selector&quot;:&quot;ody.landing:nth-child(2) section.cards-section.stop-opacity:nth-child(9) div.container.relative div.brands &gt; div.cards&quot;}
  (Session info: chrome=69.0.3497.100)
  (Driver info: chromedriver=2.35.528157 (4429ca2590d6988c0745c24c8858745aaaec01ef),platform=Mac OS X 10.13.6 x86_64) (WARNING: The server did not provide any stacktrace information)
Command duration or timeout: 0 milliseconds
For documentation on this error, please visit: http://seleniumhq.org/exceptions/no_such_element.html
Build info: version: &apos;3.13.0&apos;, revision: &apos;2f0d292&apos;, time: &apos;2018-06-25T15:24:21.231Z&apos;
System info: host: &apos;joshuas-MacBook-Pro.local&apos;, ip: &apos;10.1.1.135&apos;, os.name: &apos;Mac OS X&apos;, os.arch: &apos;x86_64&apos;, os.version: &apos;10.13.6&apos;, java.version: &apos;9.0.4&apos;
Driver info: org.openqa.selenium.chrome.ChromeDriver
Capabilities {acceptInsecureCerts: false, acceptSslCerts: false, applicationCacheEnabled: false, browserConnectionEnabled: false, browserName: chrome, chrome: {chromedriverVersion: 2.35.528157 (4429ca2590d698..., userDataDir: /tmp/tarun}, cssSelectorsEnabled: true, databaseEnabled: false, handlesAlerts: true, hasTouchScreen: false, javascriptEnabled: true, locationContextEnabled: true, mobileEmulationEnabled: false, nativeEvents: true, networkConnectionEnabled: false, pageLoadStrategy: normal, platform: MAC, platformName: MAC, rotatable: false, setWindowRect: true, takesHeapSnapshot: true, takesScreenshot: true, unexpectedAlertBehaviour: , unhandledPromptBehavior: , version: 69.0.3497.100, webStorageEnabled: true}
Session ID: 1502f263a0089c07cf98774957eaa22c
*** Element info: {Using=css selector, value=ody.landing:nth-child(2) section.cards-section.stop-opacity:nth-child(9) div.container.relative div.brands &gt; div.cards}
	at com.clip.tests.wordpress.HomePageElementTests.elementCheckCardLogos(HomePageElementTests.java:265)
	at java.base/jdk.internal.reflect.NativeMethodAccessorImpl.invoke0(Native Method)
	at java.base/jdk.internal.reflect.NativeMethodAccessorImpl.invoke(NativeMethodAccessorImpl.java:62)
	at java.base/jdk.internal.reflect.DelegatingMethodAccessorImpl.invoke(DelegatingMethodAccessorImpl.java:43)
	at java.base/java.lang.reflect.Method.invoke(Method.java:564)
	at org.testng.internal.MethodInvocationHelper.invokeMethod(MethodInvocationHelper.java:124)
	at org.testng.internal.Invoker.invokeMethod(Invoker.java:571)
	at org.testng.internal.Invoker.invokeTestMethod(Invoker.java:707)
	at org.testng.internal.Invoker.invokeTestMethods(Invoker.java:979)
	at org.testng.internal.TestMethodWorker.invokeTestMethods(TestMethodWorker.java:125)
	at org.testng.internal.TestMethodWorker.run(TestMethodWorker.java:109)
	at org.testng.TestRunner.privateRun(TestRunner.java:648)
	at org.testng.TestRunner.run(TestRunner.java:505)
	at org.testng.SuiteRunner.runTest(SuiteRunner.java:455)
	at org.testng.SuiteRunner.runSequentially(SuiteRunner.java:450)
	at org.testng.SuiteRunner.privateRun(SuiteRunner.java:415)
	at org.testng.SuiteRunner.run(SuiteRunner.java:364)
	at org.testng.SuiteRunnerWorker.runSuite(SuiteRunnerWorker.java:52)
	at org.testng.SuiteRunnerWorker.run(SuiteRunnerWorker.java:84)
	at org.testng.TestNG.runSuitesSequentially(TestNG.java:1187)
	at org.testng.TestNG.runSuitesLocally(TestNG.java:1116)
	at org.testng.TestNG.runSuites(TestNG.java:1028)
	at org.testng.TestNG.run(TestNG.java:996)
	at org.testng.remote.AbstractRemoteTestNG.run(AbstractRemoteTestNG.java:114)
	at org.testng.remote.RemoteTestNG.initAndRun(RemoteTestNG.java:251)
	at org.testng.remote.RemoteTestNG.main(RemoteTestNG.java:77)
Caused by: org.openqa.selenium.NoSuchElementException: no such element: Unable to locate element: {&quot;method&quot;:&quot;css selector&quot;,&quot;selector&quot;:&quot;ody.landing:nth-child(2) section.cards-section.stop-opacity:nth-child(9) div.container.relative div.brands &gt; div.cards&quot;}
  (Session info: chrome=69.0.3497.100)
  (Driver info: chromedriver=2.35.528157 (4429ca2590d6988c0745c24c8858745aaaec01ef),platform=Mac OS X 10.13.6 x86_64) (WARNING: The server did not provide any stacktrace information)
Command duration or timeout: 0 milliseconds
For documentation on this error, please visit: http://seleniumhq.org/exceptions/no_such_element.html
Build info: version: &apos;3.13.0&apos;, revision: &apos;2f0d292&apos;, time: &apos;2018-06-25T15:24:21.231Z&apos;
System info: host: &apos;joshuas-MacBook-Pro.local&apos;, ip: &apos;10.1.1.135&apos;, os.name: &apos;Mac OS X&apos;, os.arch: &apos;x86_64&apos;, os.version: &apos;10.13.6&apos;, java.version: &apos;9.0.4&apos;
Driver info: org.openqa.selenium.chrome.ChromeDriver
Capabilities {acceptInsecureCerts: false, acceptSslCerts: false, applicationCacheEnabled: false, browserConnectionEnabled: false, browserName: chrome, chrome: {chromedriverVersion: 2.35.528157 (4429ca2590d698..., userDataDir: /tmp/tarun}, cssSelectorsEnabled: true, databaseEnabled: false, handlesAlerts: true, hasTouchScreen: false, javascriptEnabled: true, locationContextEnabled: true, mobileEmulationEnabled: false, nativeEvents: true, networkConnectionEnabled: false, pageLoadStrategy: normal, platform: MAC, platformName: MAC, rotatable: false, setWindowRect: true, takesHeapSnapshot: true, takesScreenshot: true, unexpectedAlertBehaviour: , unhandledPromptBehavior: , version: 69.0.3497.100, webStorageEnabled: true}
Session ID: 1502f263a0089c07cf98774957eaa22c
*** Element info: {Using=css selector, value=ody.landing:nth-child(2) section.cards-section.stop-opacity:nth-child(9) div.container.relative div.brands &gt; div.cards}
	at java.base/jdk.internal.reflect.NativeConstructorAccessorImpl.newInstance0(Native Method)
	at java.base/jdk.internal.reflect.NativeConstructorAccessorImpl.newInstance(NativeConstructorAccessorImpl.java:62)
	at java.base/jdk.internal.reflect.DelegatingConstructorAccessorImpl.newInstance(DelegatingConstructorAccessorImpl.java:45)
	at java.base/java.lang.reflect.Constructor.newInstance(Constructor.java:488)
	at org.openqa.selenium.remote.ErrorHandler.createThrowable(ErrorHandler.java:214)
	at org.openqa.selenium.remote.ErrorHandler.throwIfResponseFailed(ErrorHandler.java:166)
	at org.openqa.selenium.remote.http.JsonHttpResponseCodec.reconstructValue(JsonHttpResponseCodec.java:40)
	at org.openqa.selenium.remote.http.AbstractHttpResponseCodec.decode(AbstractHttpResponseCodec.java:80)
	at org.openqa.selenium.remote.http.AbstractHttpResponseCodec.decode(AbstractHttpResponseCodec.java:44)
	at org.openqa.selenium.remote.HttpCommandExecutor.execute(HttpCommandExecutor.java:158)
	at org.openqa.selenium.remote.service.DriverCommandExecutor.execute(DriverCommandExecutor.java:83)
	at org.openqa.selenium.remote.RemoteWebDriver.execute(RemoteWebDriver.java:548)
	at org.openqa.selenium.remote.RemoteWebDriver.findElement(RemoteWebDriver.java:322)
	at org.openqa.selenium.remote.RemoteWebDriver.findElementByCssSelector(RemoteWebDriver.java:416)
	at org.openqa.selenium.By$ByCssSelector.findElement(By.java:431)
	at org.openqa.selenium.remote.RemoteWebDriver.findElement(RemoteWebDriver.java:314)
	at org.openqa.selenium.support.pagefactory.DefaultElementLocator.findElement(DefaultElementLocator.java:69)
	at org.openqa.selenium.support.pagefactory.internal.LocatingElementHandler.invoke(LocatingElementHandler.java:38)
	at com.sun.proxy.$Proxy13.isDisplayed(Unknown Source)
	at com.clip.tests.wordpress.HomePageElementTests.elementCheckCardLogos(HomePageElementTests.java:261)
	... 25 more
</pre></div></td>
<td>0</td>
<td>com.clip.tests.wordpress.HomePageElementTests@3c947bc5</td></tr>
</table><p>
<table width='100%' border='1' class='invocation-passed'>
<tr><td colspan='4' align='center'><b>PASSED TESTS</b></td></tr>
<tr><td><b>Test method</b></td>
<td width="30%"><b>Exception</b></td>
<td width="10%"><b>Time (seconds)</b></td>
<td><b>Instance</b></td>
</tr>
<tr>
<td title='com.clip.tests.wordpress.HomePageElementTests.elementCheckAllCardsAccepted()'><b>elementCheckAllCardsAccepted</b><br>Test class: com.clip.tests.wordpress.HomePageElementTests</td>
<td></td>
<td>0</td>
<td>com.clip.tests.wordpress.HomePageElementTests@3c947bc5</td></tr>
<tr>
<td title='com.clip.tests.wordpress.HomePageElementTests.elementCheckCalandarImage()'><b>elementCheckCalandarImage</b><br>Test class: com.clip.tests.wordpress.HomePageElementTests</td>
<td></td>
<td>0</td>
<td>com.clip.tests.wordpress.HomePageElementTests@3c947bc5</td></tr>
<tr>
<td title='com.clip.tests.wordpress.HomePageElementTests.elementCheckClipProLogo()'><b>elementCheckClipProLogo</b><br>Test class: com.clip.tests.wordpress.HomePageElementTests</td>
<td></td>
<td>0</td>
<td>com.clip.tests.wordpress.HomePageElementTests@3c947bc5</td></tr>
<tr>
<td title='com.clip.tests.wordpress.HomePageElementTests.elementCheckCompartir()'><b>elementCheckCompartir</b><br>Test class: com.clip.tests.wordpress.HomePageElementTests</td>
<td></td>
<td>0</td>
<td>com.clip.tests.wordpress.HomePageElementTests@3c947bc5</td></tr>
<tr>
<td title='com.clip.tests.wordpress.HomePageElementTests.elementCheckContactButton()'><b>elementCheckContactButton</b><br>Test class: com.clip.tests.wordpress.HomePageElementTests</td>
<td></td>
<td>0</td>
<td>com.clip.tests.wordpress.HomePageElementTests@3c947bc5</td></tr>
<tr>
<td title='com.clip.tests.wordpress.HomePageElementTests.elementCheckContactParagraph()'><b>elementCheckContactParagraph</b><br>Test class: com.clip.tests.wordpress.HomePageElementTests</td>
<td></td>
<td>0</td>
<td>com.clip.tests.wordpress.HomePageElementTests@3c947bc5</td></tr>
<tr>
<td title='com.clip.tests.wordpress.HomePageElementTests.elementCheckCreditCardImg()'><b>elementCheckCreditCardImg</b><br>Test class: com.clip.tests.wordpress.HomePageElementTests</td>
<td></td>
<td>0</td>
<td>com.clip.tests.wordpress.HomePageElementTests@3c947bc5</td></tr>
<tr>
<td title='com.clip.tests.wordpress.HomePageElementTests.elementCheckFacebook()'><b>elementCheckFacebook</b><br>Test class: com.clip.tests.wordpress.HomePageElementTests</td>
<td></td>
<td>0</td>
<td>com.clip.tests.wordpress.HomePageElementTests@3c947bc5</td></tr>
<tr>
<td title='com.clip.tests.wordpress.HomePageElementTests.elementCheckHelpSite()'><b>elementCheckHelpSite</b><br>Test class: com.clip.tests.wordpress.HomePageElementTests</td>
<td></td>
<td>0</td>
<td>com.clip.tests.wordpress.HomePageElementTests@3c947bc5</td></tr>
<tr>
<td title='com.clip.tests.wordpress.HomePageElementTests.elementCheckHeroBackground()'><b>elementCheckHeroBackground</b><br>Test class: com.clip.tests.wordpress.HomePageElementTests</td>
<td></td>
<td>0</td>
<td>com.clip.tests.wordpress.HomePageElementTests@3c947bc5</td></tr>
<tr>
<td title='com.clip.tests.wordpress.HomePageElementTests.elementCheckIWantMyClipButton()'><b>elementCheckIWantMyClipButton</b><br>Test class: com.clip.tests.wordpress.HomePageElementTests</td>
<td></td>
<td>1</td>
<td>com.clip.tests.wordpress.HomePageElementTests@3c947bc5</td></tr>
<tr>
<td title='com.clip.tests.wordpress.HomePageElementTests.elementCheckMyAccount()'><b>elementCheckMyAccount</b><br>Test class: com.clip.tests.wordpress.HomePageElementTests</td>
<td></td>
<td>0</td>
<td>com.clip.tests.wordpress.HomePageElementTests@3c947bc5</td></tr>
<tr>
<td title='com.clip.tests.wordpress.HomePageElementTests.elementCheckNoMonthlyRent()'><b>elementCheckNoMonthlyRent</b><br>Test class: com.clip.tests.wordpress.HomePageElementTests</td>
<td></td>
<td>0</td>
<td>com.clip.tests.wordpress.HomePageElementTests@3c947bc5</td></tr>
<tr>
<td title='com.clip.tests.wordpress.HomePageElementTests.elementCheckNoPhoneImage()'><b>elementCheckNoPhoneImage</b><br>Test class: com.clip.tests.wordpress.HomePageElementTests</td>
<td></td>
<td>0</td>
<td>com.clip.tests.wordpress.HomePageElementTests@3c947bc5</td></tr>
<tr>
<td title='com.clip.tests.wordpress.HomePageElementTests.elementCheckNoPhoneText()'><b>elementCheckNoPhoneText</b><br>Test class: com.clip.tests.wordpress.HomePageElementTests</td>
<td></td>
<td>0</td>
<td>com.clip.tests.wordpress.HomePageElementTests@3c947bc5</td></tr>
<tr>
<td title='com.clip.tests.wordpress.HomePageElementTests.elementCheckRightSideClipProImg()'><b>elementCheckRightSideClipProImg</b><br>Test class: com.clip.tests.wordpress.HomePageElementTests</td>
<td></td>
<td>0</td>
<td>com.clip.tests.wordpress.HomePageElementTests@3c947bc5</td></tr>
<tr>
<td title='com.clip.tests.wordpress.HomePageElementTests.elementCheckSantander()'><b>elementCheckSantander</b><br>Test class: com.clip.tests.wordpress.HomePageElementTests</td>
<td></td>
<td>0</td>
<td>com.clip.tests.wordpress.HomePageElementTests@3c947bc5</td></tr>
<tr>
<td title='com.clip.tests.wordpress.HomePageElementTests.elementCheckScotia()'><b>elementCheckScotia</b><br>Test class: com.clip.tests.wordpress.HomePageElementTests</td>
<td></td>
<td>0</td>
<td>com.clip.tests.wordpress.HomePageElementTests@3c947bc5</td></tr>
<tr>
<td title='com.clip.tests.wordpress.HomePageElementTests.elementCheckSecondSeparationDot()'><b>elementCheckSecondSeparationDot</b><br>Test class: com.clip.tests.wordpress.HomePageElementTests</td>
<td></td>
<td>0</td>
<td>com.clip.tests.wordpress.HomePageElementTests@3c947bc5</td></tr>
<tr>
<td title='com.clip.tests.wordpress.HomePageElementTests.elementCheckShopButton()'><b>elementCheckShopButton</b><br>Test class: com.clip.tests.wordpress.HomePageElementTests</td>
<td></td>
<td>0</td>
<td>com.clip.tests.wordpress.HomePageElementTests@3c947bc5</td></tr>
<tr>
<td title='com.clip.tests.wordpress.HomePageElementTests.elementCheckTagline()'><b>elementCheckTagline</b><br>Test class: com.clip.tests.wordpress.HomePageElementTests</td>
<td></td>
<td>0</td>
<td>com.clip.tests.wordpress.HomePageElementTests@3c947bc5</td></tr>
<tr>
<td title='com.clip.tests.wordpress.HomePageElementTests.elementCheckTopLeftClipLogo()'><b>elementCheckTopLeftClipLogo</b><br>Test class: com.clip.tests.wordpress.HomePageElementTests</td>
<td></td>
<td>0</td>
<td>com.clip.tests.wordpress.HomePageElementTests@3c947bc5</td></tr>
<tr>
<td title='com.clip.tests.wordpress.HomePageElementTests.elementCheckTwitter()'><b>elementCheckTwitter</b><br>Test class: com.clip.tests.wordpress.HomePageElementTests</td>
<td></td>
<td>0</td>
<td>com.clip.tests.wordpress.HomePageElementTests@3c947bc5</td></tr>
</table><p>
</body>
</html>